Base path: C:/Program Files/Unity/Editor/Data
Cmd: getPlatforms
Cmd: compileSnippet
  api=8 type=0 insize=1456 outsize=862 kw=ETC1_EXTERNAL_ALPHA pd=UNITY_NO_LINEAR_COLORSPACE UNITY_ENABLE_REFLECTION_BUFFERS UNITY_PBS_USE_BRDF1 UNITY_SPECCUBE_BOX_PROJECTION UNITY_SPECCUBE_BLENDING SHADER_API_MOBILE ok=1
Cmd: compileSnippet
  api=1 type=1 insize=1456 outsize=336 kw=ETC1_EXTERNAL_ALPHA pd=UNITY_ENABLE_REFLECTION_BUFFERS UNITY_PBS_USE_BRDF1 UNITY_SPECCUBE_BOX_PROJECTION UNITY_SPECCUBE_BLENDING ok=1
Cmd: compileSnippet
  api=8 type=1 insize=1456 outsize=706 kw=ETC1_EXTERNAL_ALPHA PIXELSNAP_ON pd=UNITY_NO_LINEAR_COLORSPACE UNITY_ENABLE_REFLECTION_BUFFERS UNITY_PBS_USE_BRDF1 UNITY_SPECCUBE_BOX_PROJECTION UNITY_SPECCUBE_BLENDING SHADER_API_MOBILE ok=1
Cmd: compileSnippet
  api=4 type=0 insize=13041 outsize=5438 kw=_SUNDISK_NONE pd=UNITY_ENABLE_REFLECTION_BUFFERS UNITY_PBS_USE_BRDF1 UNITY_SPECCUBE_BOX_PROJECTION UNITY_SPECCUBE_BLENDING ok=1
Cmd: compileSnippet
  api=4 type=0 insize=13041 outsize=5534 kw=_SUNDISK_HIGH_QUALITY pd=UNITY_ENABLE_REFLECTION_BUFFERS UNITY_PBS_USE_BRDF1 UNITY_SPECCUBE_BOX_PROJECTION UNITY_SPECCUBE_BLENDING ok=1
Cmd: compileSnippet
  api=1 type=0 insize=13041 outsize=3464 kw=UNITY_COLORSPACE_GAMMA _SUNDISK_SIMPLE pd=UNITY_ENABLE_REFLECTION_BUFFERS UNITY_PBS_USE_BRDF1 UNITY_SPECCUBE_BOX_PROJECTION UNITY_SPECCUBE_BLENDING ok=1
Cmd: compileSnippet
  api=4 type=1 insize=13041 outsize=910 kw=_SUNDISK_SIMPLE pd=UNITY_ENABLE_REFLECTION_BUFFERS UNITY_PBS_USE_BRDF1 UNITY_SPECCUBE_BOX_PROJECTION UNITY_SPECCUBE_BLENDING ok=1
Cmd: compileSnippet
  api=1 type=1 insize=13041 outsize=668 kw=UNITY_COLORSPACE_GAMMA _SUNDISK_SIMPLE pd=UNITY_ENABLE_REFLECTION_BUFFERS UNITY_PBS_USE_BRDF1 UNITY_SPECCUBE_BOX_PROJECTION UNITY_SPECCUBE_BLENDING ok=1
Cmd: compileSnippet
  api=4 type=0 insize=7145 outsize=2834 kw=DIRECTIONAL LIGHTMAP_OFF DYNAMICLIGHTMAP_OFF VERTEXLIGHT_ON pd=UNITY_ENABLE_REFLECTION_BUFFERS UNITY_PBS_USE_BRDF1 UNITY_SPECCUBE_BOX_PROJECTION UNITY_SPECCUBE_BLENDING ok=1
Cmd: compileSnippet
  api=4 type=1 insize=7145 outsize=1126 kw=DIRECTIONAL LIGHTMAP_OFF DYNAMICLIGHTMAP_OFF pd=UNITY_ENABLE_REFLECTION_BUFFERS UNITY_PBS_USE_BRDF1 UNITY_SPECCUBE_BOX_PROJECTION UNITY_SPECCUBE_BLENDING ok=1
Cmd: compileSnippet
  api=1 type=0 insize=3935 outsize=648 kw=SPOT pd=UNITY_ENABLE_REFLECTION_BUFFERS UNITY_PBS_USE_BRDF1 UNITY_SPECCUBE_BOX_PROJECTION UNITY_SPECCUBE_BLENDING ok=1
Cmd: compileSnippet
  api=4 type=0 insize=3935 outsize=1342 kw=DIRECTIONAL_COOKIE pd=UNITY_ENABLE_REFLECTION_BUFFERS UNITY_PBS_USE_BRDF1 UNITY_SPECCUBE_BOX_PROJECTION UNITY_SPECCUBE_BLENDING ok=1
Cmd: compileSnippet
  api=8 type=1 insize=3935 outsize=1558 kw=DIRECTIONAL pd=UNITY_NO_LINEAR_COLORSPACE UNITY_ENABLE_REFLECTION_BUFFERS UNITY_PBS_USE_BRDF1 UNITY_SPECCUBE_BOX_PROJECTION UNITY_SPECCUBE_BLENDING SHADER_API_MOBILE ok=1
Cmd: compileSnippet
  api=8 type=1 insize=3935 outsize=1898 kw=DIRECTIONAL_COOKIE pd=UNITY_NO_LINEAR_COLORSPACE UNITY_ENABLE_REFLECTION_BUFFERS UNITY_PBS_USE_BRDF1 UNITY_SPECCUBE_BOX_PROJECTION UNITY_SPECCUBE_BLENDING SHADER_API_MOBILE ok=1
Cmd: compileSnippet
  api=4 type=0 insize=6206 outsize=2282 kw=LIGHTMAP_OFF DYNAMICLIGHTMAP_OFF pd=UNITY_ENABLE_REFLECTION_BUFFERS UNITY_PBS_USE_BRDF1 UNITY_SPECCUBE_BOX_PROJECTION UNITY_SPECCUBE_BLENDING ok=1
Cmd: compileSnippet
  api=4 type=0 insize=6068 outsize=2186 kw=LIGHTMAP_OFF DYNAMICLIGHTMAP_OFF UNITY_HDR_ON pd=UNITY_ENABLE_REFLECTION_BUFFERS UNITY_PBS_USE_BRDF1 UNITY_SPECCUBE_BOX_PROJECTION UNITY_SPECCUBE_BLENDING ok=1
Cmd: compileSnippet
  api=8 type=1 insize=6068 outsize=1234 kw=LIGHTMAP_OFF DYNAMICLIGHTMAP_OFF pd=UNITY_NO_LINEAR_COLORSPACE UNITY_ENABLE_REFLECTION_BUFFERS UNITY_PBS_USE_BRDF1 UNITY_SPECCUBE_BOX_PROJECTION UNITY_SPECCUBE_BLENDING SHADER_API_MOBILE ok=1
Cmd: compileSnippet
  api=4 type=0 insize=982 outsize=2846 kw=DIRECTIONAL LIGHTMAP_OFF DYNAMICLIGHTMAP_OFF VERTEXLIGHT_ON pd=UNITY_ENABLE_REFLECTION_BUFFERS UNITY_PBS_USE_BRDF1 UNITY_SPECCUBE_BOX_PROJECTION UNITY_SPECCUBE_BLENDING ok=1
Cmd: compileSnippet
  api=1 type=0 insize=982 outsize=2236 kw=DIRECTIONAL SHADOWS_SCREEN LIGHTMAP_OFF DYNAMICLIGHTMAP_OFF VERTEXLIGHT_ON _ALPHABLEND_ON pd=UNITY_ENABLE_REFLECTION_BUFFERS UNITY_PBS_USE_BRDF1 UNITY_SPECCUBE_BOX_PROJECTION UNITY_SPECCUBE_BLENDING ok=1
Cmd: compileSnippet
  api=4 type=1 insize=982 outsize=6438 kw=DIRECTIONAL SHADOWS_SCREEN LIGHTMAP_OFF DYNAMICLIGHTMAP_OFF _ALPHABLEND_ON pd=UNITY_ENABLE_REFLECTION_BUFFERS UNITY_PBS_USE_BRDF1 UNITY_SPECCUBE_BOX_PROJECTION UNITY_SPECCUBE_BLENDING ok=1
Cmd: compileSnippet
  api=4 type=0 insize=906 outsize=1966 kw=POINT_COOKIE pd=UNITY_ENABLE_REFLECTION_BUFFERS UNITY_PBS_USE_BRDF1 UNITY_SPECCUBE_BOX_PROJECTION UNITY_SPECCUBE_BLENDING ok=1
Cmd: compileSnippet
  api=4 type=0 insize=906 outsize=2142 kw=DIRECTIONAL_COOKIE SHADOWS_SCREEN pd=UNITY_ENABLE_REFLECTION_BUFFERS UNITY_PBS_USE_BRDF1 UNITY_SPECCUBE_BOX_PROJECTION UNITY_SPECCUBE_BLENDING ok=1
Cmd: compileSnippet
  api=4 type=0 insize=906 outsize=2038 kw=POINT_COOKIE SHADOWS_CUBE SHADOWS_SOFT pd=UNITY_ENABLE_REFLECTION_BUFFERS UNITY_PBS_USE_BRDF1 UNITY_SPECCUBE_BOX_PROJECTION UNITY_SPECCUBE_BLENDING ok=1
Cmd: compileSnippet
  api=1 type=0 insize=906 outsize=1296 kw=SPOT SHADOWS_DEPTH _ALPHABLEND_ON pd=UNITY_ENABLE_REFLECTION_BUFFERS UNITY_PBS_USE_BRDF1 UNITY_SPECCUBE_BOX_PROJECTION UNITY_SPECCUBE_BLENDING ok=1
Cmd: compileSnippet
  api=4 type=0 insize=906 outsize=2038 kw=POINT SHADOWS_CUBE _ALPHABLEND_ON pd=UNITY_ENABLE_REFLECTION_BUFFERS UNITY_PBS_USE_BRDF1 UNITY_SPECCUBE_BOX_PROJECTION UNITY_SPECCUBE_BLENDING ok=1
Cmd: compileSnippet
  api=1 type=0 insize=906 outsize=1312 kw=POINT _NORMALMAP pd=UNITY_ENABLE_REFLECTION_BUFFERS UNITY_PBS_USE_BRDF1 UNITY_SPECCUBE_BOX_PROJECTION UNITY_SPECCUBE_BLENDING ok=1
Cmd: compileSnippet
  api=4 type=0 insize=906 outsize=2346 kw=DIRECTIONAL_COOKIE _NORMALMAP pd=UNITY_ENABLE_REFLECTION_BUFFERS UNITY_PBS_USE_BRDF1 UNITY_SPECCUBE_BOX_PROJECTION UNITY_SPECCUBE_BLENDING ok=1
Cmd: compileSnippet
  api=4 type=0 insize=906 outsize=2418 kw=POINT SHADOWS_CUBE _NORMALMAP pd=UNITY_ENABLE_REFLECTION_BUFFERS UNITY_PBS_USE_BRDF1 UNITY_SPECCUBE_BOX_PROJECTION UNITY_SPECCUBE_BLENDING ok=1
Cmd: compileSnippet
  api=4 type=1 insize=906 outsize=3054 kw=POINT pd=UNITY_ENABLE_REFLECTION_BUFFERS UNITY_PBS_USE_BRDF1 UNITY_SPECCUBE_BOX_PROJECTION UNITY_SPECCUBE_BLENDING ok=1
Cmd: compileSnippet
  api=4 type=1 insize=906 outsize=2930 kw=DIRECTIONAL_COOKIE pd=UNITY_ENABLE_REFLECTION_BUFFERS UNITY_PBS_USE_BRDF1 UNITY_SPECCUBE_BOX_PROJECTION UNITY_SPECCUBE_BLENDING ok=1
Cmd: compileSnippet
  api=4 type=1 insize=906 outsize=3390 kw=POINT SHADOWS_CUBE pd=UNITY_ENABLE_REFLECTION_BUFFERS UNITY_PBS_USE_BRDF1 UNITY_SPECCUBE_BOX_PROJECTION UNITY_SPECCUBE_BLENDING ok=1
Cmd: compileSnippet
  api=4 type=1 insize=906 outsize=3890 kw=POINT_COOKIE SHADOWS_CUBE SHADOWS_SOFT pd=UNITY_ENABLE_REFLECTION_BUFFERS UNITY_PBS_USE_BRDF1 UNITY_SPECCUBE_BOX_PROJECTION UNITY_SPECCUBE_BLENDING ok=1
Cmd: compileSnippet
  api=1 type=1 insize=906 outsize=1960 kw=DIRECTIONAL_COOKIE _ALPHABLEND_ON pd=UNITY_ENABLE_REFLECTION_BUFFERS UNITY_PBS_USE_BRDF1 UNITY_SPECCUBE_BOX_PROJECTION UNITY_SPECCUBE_BLENDING ok=1
Cmd: compileSnippet
  api=1 type=1 insize=906 outsize=2292 kw=POINT SHADOWS_CUBE _ALPHABLEND_ON pd=UNITY_ENABLE_REFLECTION_BUFFERS UNITY_PBS_USE_BRDF1 UNITY_SPECCUBE_BOX_PROJECTION UNITY_SPECCUBE_BLENDING ok=1
Cmd: compileSnippet
  api=1 type=1 insize=906 outsize=2600 kw=POINT_COOKIE SHADOWS_CUBE SHADOWS_SOFT _ALPHABLEND_ON pd=UNITY_ENABLE_REFLECTION_BUFFERS UNITY_PBS_USE_BRDF1 UNITY_SPECCUBE_BOX_PROJECTION UNITY_SPECCUBE_BLENDING ok=1
Cmd: compileSnippet
  api=1 type=1 insize=906 outsize=2256 kw=DIRECTIONAL_COOKIE _NORMALMAP pd=UNITY_ENABLE_REFLECTION_BUFFERS UNITY_PBS_USE_BRDF1 UNITY_SPECCUBE_BOX_PROJECTION UNITY_SPECCUBE_BLENDING ok=1
Cmd: compileSnippet
  api=4 type=1 insize=906 outsize=3734 kw=POINT SHADOWS_CUBE _NORMALMAP pd=UNITY_ENABLE_REFLECTION_BUFFERS UNITY_PBS_USE_BRDF1 UNITY_SPECCUBE_BOX_PROJECTION UNITY_SPECCUBE_BLENDING ok=1
Cmd: compileSnippet
  api=4 type=1 insize=906 outsize=4134 kw=POINT SHADOWS_CUBE SHADOWS_SOFT _NORMALMAP pd=UNITY_ENABLE_REFLECTION_BUFFERS UNITY_PBS_USE_BRDF1 UNITY_SPECCUBE_BOX_PROJECTION UNITY_SPECCUBE_BLENDING ok=1
Cmd: compileSnippet
  api=1 type=1 insize=608 outsize=140 kw=SHADOWS_DEPTH pd=UNITY_ENABLE_REFLECTION_BUFFERS UNITY_PBS_USE_BRDF1 UNITY_SPECCUBE_BOX_PROJECTION UNITY_SPECCUBE_BLENDING ok=1
Cmd: compileSnippet
  api=1 type=0 insize=1136 outsize=1444 kw=LIGHTMAP_OFF DIRLIGHTMAP_COMBINED DYNAMICLIGHTMAP_OFF pd=UNITY_ENABLE_REFLECTION_BUFFERS UNITY_PBS_USE_BRDF1 UNITY_SPECCUBE_BOX_PROJECTION UNITY_SPECCUBE_BLENDING ok=1
Cmd: compileSnippet
  api=4 type=0 insize=1136 outsize=2302 kw=LIGHTMAP_OFF DIRLIGHTMAP_COMBINED DYNAMICLIGHTMAP_OFF _ALPHABLEND_ON pd=UNITY_ENABLE_REFLECTION_BUFFERS UNITY_PBS_USE_BRDF1 UNITY_SPECCUBE_BOX_PROJECTION UNITY_SPECCUBE_BLENDING ok=1
Cmd: compileSnippet
  api=1 type=0 insize=1136 outsize=1444 kw=LIGHTMAP_OFF DIRLIGHTMAP_SEPARATE DYNAMICLIGHTMAP_OFF _NORMALMAP pd=UNITY_ENABLE_REFLECTION_BUFFERS UNITY_PBS_USE_BRDF1 UNITY_SPECCUBE_BOX_PROJECTION UNITY_SPECCUBE_BLENDING ok=1
Cmd: compileSnippet
  api=4 type=0 insize=1136 outsize=2302 kw=LIGHTMAP_OFF DYNAMICLIGHTMAP_OFF UNITY_HDR_ON _NORMALMAP pd=UNITY_ENABLE_REFLECTION_BUFFERS UNITY_PBS_USE_BRDF1 UNITY_SPECCUBE_BOX_PROJECTION UNITY_SPECCUBE_BLENDING ok=1
Cmd: compileSnippet
  api=1 type=0 insize=1136 outsize=1444 kw=LIGHTMAP_OFF DIRLIGHTMAP_SEPARATE DYNAMICLIGHTMAP_OFF UNITY_HDR_ON pd=UNITY_ENABLE_REFLECTION_BUFFERS UNITY_PBS_USE_BRDF1 UNITY_SPECCUBE_BOX_PROJECTION UNITY_SPECCUBE_BLENDING ok=1
Cmd: compileSnippet
  api=4 type=1 insize=1136 outsize=2510 kw=LIGHTMAP_OFF DYNAMICLIGHTMAP_OFF pd=UNITY_ENABLE_REFLECTION_BUFFERS UNITY_PBS_USE_BRDF1 UNITY_SPECCUBE_BOX_PROJECTION UNITY_SPECCUBE_BLENDING ok=1
Cmd: compileSnippet
  api=1 type=1 insize=1136 outsize=1476 kw=LIGHTMAP_OFF DIRLIGHTMAP_SEPARATE DYNAMICLIGHTMAP_OFF _NORMALMAP pd=UNITY_ENABLE_REFLECTION_BUFFERS UNITY_PBS_USE_BRDF1 UNITY_SPECCUBE_BOX_PROJECTION UNITY_SPECCUBE_BLENDING ok=1
Cmd: compileSnippet
  api=4 type=1 insize=1136 outsize=2486 kw=LIGHTMAP_OFF DYNAMICLIGHTMAP_OFF UNITY_HDR_ON pd=UNITY_ENABLE_REFLECTION_BUFFERS UNITY_PBS_USE_BRDF1 UNITY_SPECCUBE_BOX_PROJECTION UNITY_SPECCUBE_BLENDING ok=1
Cmd: compileSnippet
  api=4 type=1 insize=1136 outsize=2486 kw=LIGHTMAP_OFF DIRLIGHTMAP_COMBINED DYNAMICLIGHTMAP_OFF UNITY_HDR_ON _ALPHABLEND_ON pd=UNITY_ENABLE_REFLECTION_BUFFERS UNITY_PBS_USE_BRDF1 UNITY_SPECCUBE_BOX_PROJECTION UNITY_SPECCUBE_BLENDING ok=1
Cmd: compileSnippet
  api=8 type=0 insize=1062 outsize=3734 kw=DIRECTIONAL SHADOWS_SCREEN LIGHTMAP_OFF DYNAMICLIGHTMAP_OFF pd=UNITY_NO_LINEAR_COLORSPACE UNITY_ENABLE_REFLECTION_BUFFERS UNITY_PBS_USE_BRDF1 UNITY_SPECCUBE_BOX_PROJECTION UNITY_SPECCUBE_BLENDING SHADER_API_MOBILE ok=1
Cmd: compileSnippet
  api=1 type=0 insize=1062 outsize=1796 kw=DIRECTIONAL SHADOWS_SCREEN LIGHTMAP_OFF DYNAMICLIGHTMAP_OFF _ALPHABLEND_ON pd=UNITY_ENABLE_REFLECTION_BUFFERS UNITY_PBS_USE_BRDF1 UNITY_SPECCUBE_BOX_PROJECTION UNITY_SPECCUBE_BLENDING ok=1
Cmd: compileSnippet
  api=8 type=0 insize=1062 outsize=4618 kw=DIRECTIONAL LIGHTMAP_OFF DYNAMICLIGHTMAP_OFF VERTEXLIGHT_ON _ALPHABLEND_ON pd=UNITY_NO_LINEAR_COLORSPACE UNITY_ENABLE_REFLECTION_BUFFERS UNITY_PBS_USE_BRDF1 UNITY_SPECCUBE_BOX_PROJECTION UNITY_SPECCUBE_BLENDING SHADER_API_MOBILE ok=1
Cmd: compileSnippet
  api=8 type=0 insize=1062 outsize=5146 kw=DIRECTIONAL LIGHTMAP_OFF DYNAMICLIGHTMAP_OFF VERTEXLIGHT_ON _NORMALMAP pd=UNITY_NO_LINEAR_COLORSPACE UNITY_ENABLE_REFLECTION_BUFFERS UNITY_PBS_USE_BRDF1 UNITY_SPECCUBE_BOX_PROJECTION UNITY_SPECCUBE_BLENDING SHADER_API_MOBILE ok=1
Cmd: compileSnippet
  api=4 type=1 insize=1062 outsize=2102 kw=DIRECTIONAL SHADOWS_SCREEN LIGHTMAP_OFF DYNAMICLIGHTMAP_OFF pd=UNITY_ENABLE_REFLECTION_BUFFERS UNITY_PBS_USE_BRDF1 UNITY_SPECCUBE_BOX_PROJECTION UNITY_SPECCUBE_BLENDING ok=1
Cmd: compileSnippet
  api=8 type=1 insize=1062 outsize=3086 kw=DIRECTIONAL SHADOWS_SCREEN LIGHTMAP_OFF DYNAMICLIGHTMAP_OFF _ALPHABLEND_ON pd=UNITY_NO_LINEAR_COLORSPACE UNITY_ENABLE_REFLECTION_BUFFERS UNITY_PBS_USE_BRDF1 UNITY_SPECCUBE_BOX_PROJECTION UNITY_SPECCUBE_BLENDING SHADER_API_MOBILE ok=1
Cmd: compileSnippet
  api=4 type=0 insize=921 outsize=2118 kw=POINT pd=UNITY_ENABLE_REFLECTION_BUFFERS UNITY_PBS_USE_BRDF1 UNITY_SPECCUBE_BOX_PROJECTION UNITY_SPECCUBE_BLENDING ok=1
Cmd: compileSnippet
  api=8 type=0 insize=921 outsize=3130 kw=POINT_COOKIE pd=UNITY_NO_LINEAR_COLORSPACE UNITY_ENABLE_REFLECTION_BUFFERS UNITY_PBS_USE_BRDF1 UNITY_SPECCUBE_BOX_PROJECTION UNITY_SPECCUBE_BLENDING SHADER_API_MOBILE ok=1
Cmd: compileSnippet
  api=4 type=0 insize=921 outsize=2218 kw=DIRECTIONAL_COOKIE SHADOWS_SCREEN pd=UNITY_ENABLE_REFLECTION_BUFFERS UNITY_PBS_USE_BRDF1 UNITY_SPECCUBE_BOX_PROJECTION UNITY_SPECCUBE_BLENDING ok=1
Cmd: compileSnippet
  api=4 type=0 insize=921 outsize=2118 kw=POINT _ALPHABLEND_ON pd=UNITY_ENABLE_REFLECTION_BUFFERS UNITY_PBS_USE_BRDF1 UNITY_SPECCUBE_BOX_PROJECTION UNITY_SPECCUBE_BLENDING ok=1
Cmd: compileSnippet
  api=4 type=0 insize=921 outsize=2118 kw=SPOT _ALPHABLEND_ON pd=UNITY_ENABLE_REFLECTION_BUFFERS UNITY_PBS_USE_BRDF1 UNITY_SPECCUBE_BOX_PROJECTION UNITY_SPECCUBE_BLENDING ok=1
Cmd: compileSnippet
  api=1 type=0 insize=921 outsize=1260 kw=SPOT SHADOWS_DEPTH _ALPHABLEND_ON pd=UNITY_ENABLE_REFLECTION_BUFFERS UNITY_PBS_USE_BRDF1 UNITY_SPECCUBE_BOX_PROJECTION UNITY_SPECCUBE_BLENDING ok=1
Cmd: compileSnippet
  api=8 type=0 insize=921 outsize=2790 kw=DIRECTIONAL SHADOWS_SCREEN _ALPHABLEND_ON pd=UNITY_NO_LINEAR_COLORSPACE UNITY_ENABLE_REFLECTION_BUFFERS UNITY_PBS_USE_BRDF1 UNITY_SPECCUBE_BOX_PROJECTION UNITY_SPECCUBE_BLENDING SHADER_API_MOBILE ok=1
Cmd: compileSnippet
  api=1 type=0 insize=921 outsize=1288 kw=POINT _NORMALMAP pd=UNITY_ENABLE_REFLECTION_BUFFERS UNITY_PBS_USE_BRDF1 UNITY_SPECCUBE_BOX_PROJECTION UNITY_SPECCUBE_BLENDING ok=1
Cmd: compileSnippet
  api=1 type=0 insize=921 outsize=1304 kw=SPOT _NORMALMAP pd=UNITY_ENABLE_REFLECTION_BUFFERS UNITY_PBS_USE_BRDF1 UNITY_SPECCUBE_BOX_PROJECTION UNITY_SPECCUBE_BLENDING ok=1
Cmd: compileSnippet
  api=8 type=0 insize=921 outsize=3626 kw=POINT_COOKIE _NORMALMAP pd=UNITY_NO_LINEAR_COLORSPACE UNITY_ENABLE_REFLECTION_BUFFERS UNITY_PBS_USE_BRDF1 UNITY_SPECCUBE_BOX_PROJECTION UNITY_SPECCUBE_BLENDING SHADER_API_MOBILE ok=1
Cmd: compileSnippet
  api=4 type=0 insize=921 outsize=2598 kw=DIRECTIONAL_COOKIE SHADOWS_SCREEN _NORMALMAP pd=UNITY_ENABLE_REFLECTION_BUFFERS UNITY_PBS_USE_BRDF1 UNITY_SPECCUBE_BOX_PROJECTION UNITY_SPECCUBE_BLENDING ok=1
Cmd: compileSnippet
  api=1 type=1 insize=921 outsize=972 kw=POINT pd=UNITY_ENABLE_REFLECTION_BUFFERS UNITY_PBS_USE_BRDF1 UNITY_SPECCUBE_BOX_PROJECTION UNITY_SPECCUBE_BLENDING ok=1
Cmd: compileSnippet
  api=8 type=1 insize=921 outsize=2106 kw=POINT_COOKIE pd=UNITY_NO_LINEAR_COLORSPACE UNITY_ENABLE_REFLECTION_BUFFERS UNITY_PBS_USE_BRDF1 UNITY_SPECCUBE_BOX_PROJECTION UNITY_SPECCUBE_BLENDING SHADER_API_MOBILE ok=1
Cmd: compileSnippet
  api=8 type=1 insize=921 outsize=1966 kw=DIRECTIONAL SHADOWS_SCREEN pd=UNITY_NO_LINEAR_COLORSPACE UNITY_ENABLE_REFLECTION_BUFFERS UNITY_PBS_USE_BRDF1 UNITY_SPECCUBE_BOX_PROJECTION UNITY_SPECCUBE_BLENDING SHADER_API_MOBILE ok=1
Cmd: compileSnippet
  api=1 type=1 insize=921 outsize=976 kw=POINT _ALPHABLEND_ON pd=UNITY_ENABLE_REFLECTION_BUFFERS UNITY_PBS_USE_BRDF1 UNITY_SPECCUBE_BOX_PROJECTION UNITY_SPECCUBE_BLENDING ok=1
Cmd: compileSnippet
  api=1 type=1 insize=921 outsize=1124 kw=SPOT _ALPHABLEND_ON pd=UNITY_ENABLE_REFLECTION_BUFFERS UNITY_PBS_USE_BRDF1 UNITY_SPECCUBE_BOX_PROJECTION UNITY_SPECCUBE_BLENDING ok=1
Cmd: compileSnippet
  api=4 type=1 insize=921 outsize=1302 kw=DIRECTIONAL_COOKIE _ALPHABLEND_ON pd=UNITY_ENABLE_REFLECTION_BUFFERS UNITY_PBS_USE_BRDF1 UNITY_SPECCUBE_BOX_PROJECTION UNITY_SPECCUBE_BLENDING ok=1
Cmd: compileSnippet
  api=4 type=1 insize=921 outsize=1330 kw=DIRECTIONAL SHADOWS_SCREEN _ALPHABLEND_ON pd=UNITY_ENABLE_REFLECTION_BUFFERS UNITY_PBS_USE_BRDF1 UNITY_SPECCUBE_BOX_PROJECTION UNITY_SPECCUBE_BLENDING ok=1
Cmd: compileSnippet
  api=8 type=1 insize=921 outsize=2498 kw=POINT SHADOWS_CUBE _ALPHABLEND_ON pd=UNITY_NO_LINEAR_COLORSPACE UNITY_ENABLE_REFLECTION_BUFFERS UNITY_PBS_USE_BRDF1 UNITY_SPECCUBE_BOX_PROJECTION UNITY_SPECCUBE_BLENDING SHADER_API_MOBILE ok=1
Cmd: compileSnippet
  api=8 type=1 insize=921 outsize=2766 kw=SPOT _NORMALMAP pd=UNITY_NO_LINEAR_COLORSPACE UNITY_ENABLE_REFLECTION_BUFFERS UNITY_PBS_USE_BRDF1 UNITY_SPECCUBE_BOX_PROJECTION UNITY_SPECCUBE_BLENDING SHADER_API_MOBILE ok=1
Cmd: compileSnippet
  api=4 type=1 insize=921 outsize=1574 kw=DIRECTIONAL SHADOWS_SCREEN _NORMALMAP pd=UNITY_ENABLE_REFLECTION_BUFFERS UNITY_PBS_USE_BRDF1 UNITY_SPECCUBE_BOX_PROJECTION UNITY_SPECCUBE_BLENDING ok=1
Cmd: compileSnippet
  api=4 type=1 insize=921 outsize=1910 kw=POINT SHADOWS_CUBE _NORMALMAP pd=UNITY_ENABLE_REFLECTION_BUFFERS UNITY_PBS_USE_BRDF1 UNITY_SPECCUBE_BOX_PROJECTION UNITY_SPECCUBE_BLENDING ok=1
Cmd: compileSnippet
  api=4 type=0 insize=600 outsize=1854 kw=SHADOWS_DEPTH _ALPHABLEND_ON pd=UNITY_ENABLE_REFLECTION_BUFFERS UNITY_PBS_USE_BRDF1 UNITY_SPECCUBE_BOX_PROJECTION UNITY_SPECCUBE_BLENDING ok=1
Cmd: compileSnippet
  api=8 type=1 insize=600 outsize=286 kw=SHADOWS_DEPTH pd=UNITY_NO_LINEAR_COLORSPACE UNITY_ENABLE_REFLECTION_BUFFERS UNITY_PBS_USE_BRDF1 UNITY_SPECCUBE_BOX_PROJECTION UNITY_SPECCUBE_BLENDING SHADER_API_MOBILE ok=1
Cmd: compileSnippet
  api=1 type=0 insize=986 outsize=1248 kw=DIRECTIONAL LIGHTMAP_OFF DYNAMICLIGHTMAP_OFF _EMISSION pd=UNITY_ENABLE_REFLECTION_BUFFERS UNITY_PBS_USE_BRDF1 UNITY_SPECCUBE_BOX_PROJECTION UNITY_SPECCUBE_BLENDING ok=1
Cmd: compileSnippet
  api=4 type=0 insize=986 outsize=3022 kw=DIRECTIONAL SHADOWS_SCREEN LIGHTMAP_OFF DYNAMICLIGHTMAP_OFF _EMISSION VERTEXLIGHT_ON pd=UNITY_ENABLE_REFLECTION_BUFFERS UNITY_PBS_USE_BRDF1 UNITY_SPECCUBE_BOX_PROJECTION UNITY_SPECCUBE_BLENDING ok=1
Cmd: compileSnippet
  api=4 type=0 insize=912 outsize=1966 kw=POINT_COOKIE pd=UNITY_ENABLE_REFLECTION_BUFFERS UNITY_PBS_USE_BRDF1 UNITY_SPECCUBE_BOX_PROJECTION UNITY_SPECCUBE_BLENDING ok=1
Cmd: compileSnippet
  api=4 type=0 insize=912 outsize=2142 kw=DIRECTIONAL_COOKIE SHADOWS_SCREEN pd=UNITY_ENABLE_REFLECTION_BUFFERS UNITY_PBS_USE_BRDF1 UNITY_SPECCUBE_BOX_PROJECTION UNITY_SPECCUBE_BLENDING ok=1
Cmd: compileSnippet
  api=4 type=0 insize=912 outsize=2038 kw=POINT_COOKIE SHADOWS_CUBE SHADOWS_SOFT pd=UNITY_ENABLE_REFLECTION_BUFFERS UNITY_PBS_USE_BRDF1 UNITY_SPECCUBE_BOX_PROJECTION UNITY_SPECCUBE_BLENDING ok=1
Cmd: compileSnippet
  api=1 type=0 insize=912 outsize=1228 kw=DIRECTIONAL SHADOWS_SCREEN _ALPHAPREMULTIPLY_ON pd=UNITY_ENABLE_REFLECTION_BUFFERS UNITY_PBS_USE_BRDF1 UNITY_SPECCUBE_BOX_PROJECTION UNITY_SPECCUBE_BLENDING ok=1
Cmd: compileSnippet
  api=1 type=0 insize=912 outsize=1212 kw=POINT_COOKIE SHADOWS_CUBE _ALPHAPREMULTIPLY_ON pd=UNITY_ENABLE_REFLECTION_BUFFERS UNITY_PBS_USE_BRDF1 UNITY_SPECCUBE_BOX_PROJECTION UNITY_SPECCUBE_BLENDING ok=1
Cmd: compileSnippet
  api=1 type=1 insize=912 outsize=1920 kw=DIRECTIONAL pd=UNITY_ENABLE_REFLECTION_BUFFERS UNITY_PBS_USE_BRDF1 UNITY_SPECCUBE_BOX_PROJECTION UNITY_SPECCUBE_BLENDING ok=1
Cmd: compileSnippet
  api=4 type=1 insize=912 outsize=2986 kw=DIRECTIONAL SHADOWS_SCREEN pd=UNITY_ENABLE_REFLECTION_BUFFERS UNITY_PBS_USE_BRDF1 UNITY_SPECCUBE_BOX_PROJECTION UNITY_SPECCUBE_BLENDING ok=1
Cmd: compileSnippet
  api=4 type=1 insize=912 outsize=3546 kw=POINT_COOKIE SHADOWS_CUBE pd=UNITY_ENABLE_REFLECTION_BUFFERS UNITY_PBS_USE_BRDF1 UNITY_SPECCUBE_BOX_PROJECTION UNITY_SPECCUBE_BLENDING ok=1
Cmd: compileSnippet
  api=1 type=1 insize=912 outsize=1960 kw=DIRECTIONAL _ALPHAPREMULTIPLY_ON pd=UNITY_ENABLE_REFLECTION_BUFFERS UNITY_PBS_USE_BRDF1 UNITY_SPECCUBE_BOX_PROJECTION UNITY_SPECCUBE_BLENDING ok=1
Cmd: compileSnippet
  api=1 type=1 insize=912 outsize=2432 kw=SPOT SHADOWS_DEPTH _ALPHAPREMULTIPLY_ON pd=UNITY_ENABLE_REFLECTION_BUFFERS UNITY_PBS_USE_BRDF1 UNITY_SPECCUBE_BOX_PROJECTION UNITY_SPECCUBE_BLENDING ok=1
Cmd: compileSnippet
  api=1 type=1 insize=912 outsize=2612 kw=POINT SHADOWS_CUBE SHADOWS_SOFT _ALPHAPREMULTIPLY_ON pd=UNITY_ENABLE_REFLECTION_BUFFERS UNITY_PBS_USE_BRDF1 UNITY_SPECCUBE_BOX_PROJECTION UNITY_SPECCUBE_BLENDING ok=1
Cmd: compileSnippet
  api=4 type=0 insize=608 outsize=686 kw=SHADOWS_CUBE pd=UNITY_ENABLE_REFLECTION_BUFFERS UNITY_PBS_USE_BRDF1 UNITY_SPECCUBE_BOX_PROJECTION UNITY_SPECCUBE_BLENDING ok=1
Cmd: compileSnippet
  api=4 type=1 insize=608 outsize=350 kw=SHADOWS_CUBE pd=UNITY_ENABLE_REFLECTION_BUFFERS UNITY_PBS_USE_BRDF1 UNITY_SPECCUBE_BOX_PROJECTION UNITY_SPECCUBE_BLENDING ok=1
Cmd: compileSnippet
  api=4 type=0 insize=1140 outsize=2302 kw=LIGHTMAP_OFF DIRLIGHTMAP_COMBINED DYNAMICLIGHTMAP_OFF pd=UNITY_ENABLE_REFLECTION_BUFFERS UNITY_PBS_USE_BRDF1 UNITY_SPECCUBE_BOX_PROJECTION UNITY_SPECCUBE_BLENDING ok=1
Cmd: compileSnippet
  api=4 type=0 insize=1140 outsize=2302 kw=LIGHTMAP_OFF DIRLIGHTMAP_SEPARATE DYNAMICLIGHTMAP_OFF _EMISSION pd=UNITY_ENABLE_REFLECTION_BUFFERS UNITY_PBS_USE_BRDF1 UNITY_SPECCUBE_BOX_PROJECTION UNITY_SPECCUBE_BLENDING ok=1
Cmd: compileSnippet
  api=1 type=0 insize=1140 outsize=1248 kw=LIGHTMAP_OFF DYNAMICLIGHTMAP_OFF UNITY_HDR_ON _ALPHAPREMULTIPLY_ON pd=UNITY_ENABLE_REFLECTION_BUFFERS UNITY_PBS_USE_BRDF1 UNITY_SPECCUBE_BOX_PROJECTION UNITY_SPECCUBE_BLENDING ok=1
Cmd: compileSnippet
  api=1 type=0 insize=1140 outsize=1444 kw=LIGHTMAP_OFF DIRLIGHTMAP_COMBINED DYNAMICLIGHTMAP_OFF _EMISSION UNITY_HDR_ON pd=UNITY_ENABLE_REFLECTION_BUFFERS UNITY_PBS_USE_BRDF1 UNITY_SPECCUBE_BOX_PROJECTION UNITY_SPECCUBE_BLENDING ok=1
Cmd: compileSnippet
  api=1 type=0 insize=1140 outsize=1444 kw=LIGHTMAP_OFF DIRLIGHTMAP_SEPARATE DYNAMICLIGHTMAP_OFF UNITY_HDR_ON _ALPHAPREMULTIPLY_ON pd=UNITY_ENABLE_REFLECTION_BUFFERS UNITY_PBS_USE_BRDF1 UNITY_SPECCUBE_BOX_PROJECTION UNITY_SPECCUBE_BLENDING ok=1
Cmd: compileSnippet
  api=1 type=1 insize=1140 outsize=1228 kw=LIGHTMAP_OFF DIRLIGHTMAP_COMBINED DYNAMICLIGHTMAP_OFF pd=UNITY_ENABLE_REFLECTION_BUFFERS UNITY_PBS_USE_BRDF1 UNITY_SPECCUBE_BOX_PROJECTION UNITY_SPECCUBE_BLENDING ok=1
Cmd: compileSnippet
  api=1 type=1 insize=1140 outsize=1244 kw=LIGHTMAP_OFF DIRLIGHTMAP_COMBINED DYNAMICLIGHTMAP_OFF _ALPHAPREMULTIPLY_ON pd=UNITY_ENABLE_REFLECTION_BUFFERS UNITY_PBS_USE_BRDF1 UNITY_SPECCUBE_BOX_PROJECTION UNITY_SPECCUBE_BLENDING ok=1
Cmd: compileSnippet
  api=1 type=1 insize=1140 outsize=1244 kw=LIGHTMAP_OFF DIRLIGHTMAP_SEPARATE DYNAMICLIGHTMAP_OFF _ALPHAPREMULTIPLY_ON pd=UNITY_ENABLE_REFLECTION_BUFFERS UNITY_PBS_USE_BRDF1 UNITY_SPECCUBE_BOX_PROJECTION UNITY_SPECCUBE_BLENDING ok=1
Cmd: compileSnippet
  api=1 type=1 insize=1140 outsize=1192 kw=LIGHTMAP_OFF DIRLIGHTMAP_COMBINED DYNAMICLIGHTMAP_OFF UNITY_HDR_ON pd=UNITY_ENABLE_REFLECTION_BUFFERS UNITY_PBS_USE_BRDF1 UNITY_SPECCUBE_BOX_PROJECTION UNITY_SPECCUBE_BLENDING ok=1
Cmd: compileSnippet
  api=1 type=1 insize=1140 outsize=1324 kw=LIGHTMAP_OFF DIRLIGHTMAP_SEPARATE DYNAMICLIGHTMAP_OFF _EMISSION UNITY_HDR_ON pd=UNITY_ENABLE_REFLECTION_BUFFERS UNITY_PBS_USE_BRDF1 UNITY_SPECCUBE_BOX_PROJECTION UNITY_SPECCUBE_BLENDING ok=1
Cmd: compileSnippet
  api=8 type=0 insize=1061 outsize=3734 kw=DIRECTIONAL SHADOWS_SCREEN LIGHTMAP_OFF DYNAMICLIGHTMAP_OFF pd=UNITY_NO_LINEAR_COLORSPACE UNITY_ENABLE_REFLECTION_BUFFERS UNITY_PBS_USE_BRDF1 UNITY_SPECCUBE_BOX_PROJECTION UNITY_SPECCUBE_BLENDING SHADER_API_MOBILE ok=1
Cmd: compileSnippet
  api=1 type=0 insize=1061 outsize=1796 kw=DIRECTIONAL SHADOWS_SCREEN LIGHTMAP_OFF DYNAMICLIGHTMAP_OFF _EMISSION pd=UNITY_ENABLE_REFLECTION_BUFFERS UNITY_PBS_USE_BRDF1 UNITY_SPECCUBE_BOX_PROJECTION UNITY_SPECCUBE_BLENDING ok=1
Cmd: compileSnippet
  api=8 type=0 insize=1061 outsize=4618 kw=DIRECTIONAL LIGHTMAP_OFF DYNAMICLIGHTMAP_OFF _EMISSION VERTEXLIGHT_ON pd=UNITY_NO_LINEAR_COLORSPACE UNITY_ENABLE_REFLECTION_BUFFERS UNITY_PBS_USE_BRDF1 UNITY_SPECCUBE_BOX_PROJECTION UNITY_SPECCUBE_BLENDING SHADER_API_MOBILE ok=1
Cmd: compileSnippet
  api=4 type=0 insize=1061 outsize=3134 kw=DIRECTIONAL LIGHTMAP_OFF DYNAMICLIGHTMAP_OFF VERTEXLIGHT_ON _ALPHAPREMULTIPLY_ON pd=UNITY_ENABLE_REFLECTION_BUFFERS UNITY_PBS_USE_BRDF1 UNITY_SPECCUBE_BOX_PROJECTION UNITY_SPECCUBE_BLENDING ok=1
Cmd: compileSnippet
  api=8 type=1 insize=1061 outsize=3002 kw=DIRECTIONAL LIGHTMAP_OFF DYNAMICLIGHTMAP_OFF pd=UNITY_NO_LINEAR_COLORSPACE UNITY_ENABLE_REFLECTION_BUFFERS UNITY_PBS_USE_BRDF1 UNITY_SPECCUBE_BOX_PROJECTION UNITY_SPECCUBE_BLENDING SHADER_API_MOBILE ok=1
Cmd: compileSnippet
  api=8 type=1 insize=1061 outsize=3050 kw=DIRECTIONAL LIGHTMAP_OFF DYNAMICLIGHTMAP_OFF _ALPHAPREMULTIPLY_ON pd=UNITY_NO_LINEAR_COLORSPACE UNITY_ENABLE_REFLECTION_BUFFERS UNITY_PBS_USE_BRDF1 UNITY_SPECCUBE_BOX_PROJECTION UNITY_SPECCUBE_BLENDING SHADER_API_MOBILE ok=1
Cmd: compileSnippet
  api=1 type=0 insize=925 outsize=1136 kw=SPOT pd=UNITY_ENABLE_REFLECTION_BUFFERS UNITY_PBS_USE_BRDF1 UNITY_SPECCUBE_BOX_PROJECTION UNITY_SPECCUBE_BLENDING ok=1
Cmd: compileSnippet
  api=8 type=0 insize=925 outsize=3130 kw=SPOT pd=UNITY_NO_LINEAR_COLORSPACE UNITY_ENABLE_REFLECTION_BUFFERS UNITY_PBS_USE_BRDF1 UNITY_SPECCUBE_BOX_PROJECTION UNITY_SPECCUBE_BLENDING SHADER_API_MOBILE ok=1
Cmd: compileSnippet
  api=8 type=0 insize=925 outsize=2790 kw=DIRECTIONAL SHADOWS_SCREEN pd=UNITY_NO_LINEAR_COLORSPACE UNITY_ENABLE_REFLECTION_BUFFERS UNITY_PBS_USE_BRDF1 UNITY_SPECCUBE_BOX_PROJECTION UNITY_SPECCUBE_BLENDING SHADER_API_MOBILE ok=1
Cmd: compileSnippet
  api=4 type=0 insize=925 outsize=2118 kw=POINT _ALPHAPREMULTIPLY_ON pd=UNITY_ENABLE_REFLECTION_BUFFERS UNITY_PBS_USE_BRDF1 UNITY_SPECCUBE_BOX_PROJECTION UNITY_SPECCUBE_BLENDING ok=1
Cmd: compileSnippet
  api=4 type=0 insize=925 outsize=2118 kw=SPOT _ALPHAPREMULTIPLY_ON pd=UNITY_ENABLE_REFLECTION_BUFFERS UNITY_PBS_USE_BRDF1 UNITY_SPECCUBE_BOX_PROJECTION UNITY_SPECCUBE_BLENDING ok=1
Cmd: compileSnippet
  api=1 type=0 insize=925 outsize=1260 kw=SPOT SHADOWS_DEPTH _ALPHAPREMULTIPLY_ON pd=UNITY_ENABLE_REFLECTION_BUFFERS UNITY_PBS_USE_BRDF1 UNITY_SPECCUBE_BOX_PROJECTION UNITY_SPECCUBE_BLENDING ok=1
Cmd: compileSnippet
  api=4 type=0 insize=925 outsize=1878 kw=DIRECTIONAL SHADOWS_SCREEN _ALPHAPREMULTIPLY_ON pd=UNITY_ENABLE_REFLECTION_BUFFERS UNITY_PBS_USE_BRDF1 UNITY_SPECCUBE_BOX_PROJECTION UNITY_SPECCUBE_BLENDING ok=1
Cmd: compileSnippet
  api=4 type=0 insize=925 outsize=2190 kw=POINT SHADOWS_CUBE _ALPHAPREMULTIPLY_ON pd=UNITY_ENABLE_REFLECTION_BUFFERS UNITY_PBS_USE_BRDF1 UNITY_SPECCUBE_BOX_PROJECTION UNITY_SPECCUBE_BLENDING ok=1
Cmd: compileSnippet
  api=4 type=1 insize=925 outsize=1266 kw=DIRECTIONAL pd=UNITY_ENABLE_REFLECTION_BUFFERS UNITY_PBS_USE_BRDF1 UNITY_SPECCUBE_BOX_PROJECTION UNITY_SPECCUBE_BLENDING ok=1
Cmd: compileSnippet
  api=8 type=1 insize=925 outsize=2494 kw=SPOT pd=UNITY_NO_LINEAR_COLORSPACE UNITY_ENABLE_REFLECTION_BUFFERS UNITY_PBS_USE_BRDF1 UNITY_SPECCUBE_BOX_PROJECTION UNITY_SPECCUBE_BLENDING SHADER_API_MOBILE ok=1
Cmd: compileSnippet
  api=4 type=1 insize=925 outsize=1550 kw=DIRECTIONAL_COOKIE SHADOWS_SCREEN pd=UNITY_ENABLE_REFLECTION_BUFFERS UNITY_PBS_USE_BRDF1 UNITY_SPECCUBE_BOX_PROJECTION UNITY_SPECCUBE_BLENDING ok=1
Cmd: compileSnippet
  api=1 type=1 insize=925 outsize=1464 kw=POINT_COOKIE SHADOWS_CUBE pd=UNITY_ENABLE_REFLECTION_BUFFERS UNITY_PBS_USE_BRDF1 UNITY_SPECCUBE_BOX_PROJECTION UNITY_SPECCUBE_BLENDING ok=1
Cmd: compileSnippet
  api=4 type=1 insize=925 outsize=1294 kw=DIRECTIONAL _ALPHAPREMULTIPLY_ON pd=UNITY_ENABLE_REFLECTION_BUFFERS UNITY_PBS_USE_BRDF1 UNITY_SPECCUBE_BOX_PROJECTION UNITY_SPECCUBE_BLENDING ok=1
Cmd: compileSnippet
  api=1 type=1 insize=925 outsize=1068 kw=DIRECTIONAL_COOKIE _ALPHAPREMULTIPLY_ON pd=UNITY_ENABLE_REFLECTION_BUFFERS UNITY_PBS_USE_BRDF1 UNITY_SPECCUBE_BOX_PROJECTION UNITY_SPECCUBE_BLENDING ok=1
Cmd: compileSnippet
  api=4 type=1 insize=925 outsize=1450 kw=DIRECTIONAL SHADOWS_SCREEN _ALPHAPREMULTIPLY_ON pd=UNITY_ENABLE_REFLECTION_BUFFERS UNITY_PBS_USE_BRDF1 UNITY_SPECCUBE_BOX_PROJECTION UNITY_SPECCUBE_BLENDING ok=1
Cmd: compileSnippet
  api=8 type=1 insize=925 outsize=2714 kw=POINT SHADOWS_CUBE _ALPHAPREMULTIPLY_ON pd=UNITY_NO_LINEAR_COLORSPACE UNITY_ENABLE_REFLECTION_BUFFERS UNITY_PBS_USE_BRDF1 UNITY_SPECCUBE_BOX_PROJECTION UNITY_SPECCUBE_BLENDING SHADER_API_MOBILE ok=1
Cmd: compileSnippet
  api=1 type=0 insize=600 outsize=1080 kw=SHADOWS_DEPTH _ALPHAPREMULTIPLY_ON pd=UNITY_ENABLE_REFLECTION_BUFFERS UNITY_PBS_USE_BRDF1 UNITY_SPECCUBE_BOX_PROJECTION UNITY_SPECCUBE_BLENDING ok=1
Cmd: compileSnippet
  api=4 type=0 insize=600 outsize=794 kw=SHADOWS_CUBE _ALPHAPREMULTIPLY_ON pd=UNITY_ENABLE_REFLECTION_BUFFERS UNITY_PBS_USE_BRDF1 UNITY_SPECCUBE_BOX_PROJECTION UNITY_SPECCUBE_BLENDING ok=1
Cmd: compileSnippet
  api=1 type=1 insize=600 outsize=296 kw=SHADOWS_CUBE pd=UNITY_ENABLE_REFLECTION_BUFFERS UNITY_PBS_USE_BRDF1 UNITY_SPECCUBE_BOX_PROJECTION UNITY_SPECCUBE_BLENDING ok=1
Cmd: compileSnippet
  api=1 type=1 insize=600 outsize=512 kw=SHADOWS_CUBE _ALPHAPREMULTIPLY_ON pd=UNITY_ENABLE_REFLECTION_BUFFERS UNITY_PBS_USE_BRDF1 UNITY_SPECCUBE_BOX_PROJECTION UNITY_SPECCUBE_BLENDING ok=1
Cmd: compileSnippet
  api=1 type=1 insize=1726 outsize=656 kw=SOFTPARTICLES_ON pd=UNITY_ENABLE_REFLECTION_BUFFERS UNITY_PBS_USE_BRDF1 UNITY_SPECCUBE_BOX_PROJECTION UNITY_SPECCUBE_BLENDING ok=1
Cmd: compileSnippet
  api=8 type=1 insize=1759 outsize=674 kw= pd=UNITY_NO_LINEAR_COLORSPACE UNITY_ENABLE_REFLECTION_BUFFERS UNITY_PBS_USE_BRDF1 UNITY_SPECCUBE_BOX_PROJECTION UNITY_SPECCUBE_BLENDING SHADER_API_MOBILE ok=1
Cmd: compileSnippet
  api=1 type=1 insize=1503 outsize=284 kw= pd=UNITY_ENABLE_REFLECTION_BUFFERS UNITY_PBS_USE_BRDF1 UNITY_SPECCUBE_BOX_PROJECTION UNITY_SPECCUBE_BLENDING ok=1
Cmd: compileSnippet
  api=8 type=0 insize=7064 outsize=3310 kw=DIRECTIONAL SHADOWS_SCREEN LIGHTMAP_OFF DYNAMICLIGHTMAP_OFF pd=UNITY_NO_LINEAR_COLORSPACE UNITY_ENABLE_REFLECTION_BUFFERS UNITY_PBS_USE_BRDF1 UNITY_SPECCUBE_BOX_PROJECTION UNITY_SPECCUBE_BLENDING SHADER_API_MOBILE ok=1
Cmd: compileSnippet
  api=8 type=1 insize=7064 outsize=986 kw=DIRECTIONAL LIGHTMAP_OFF DYNAMICLIGHTMAP_OFF pd=UNITY_NO_LINEAR_COLORSPACE UNITY_ENABLE_REFLECTION_BUFFERS UNITY_PBS_USE_BRDF1 UNITY_SPECCUBE_BOX_PROJECTION UNITY_SPECCUBE_BLENDING SHADER_API_MOBILE ok=1
Cmd: compileSnippet
  api=1 type=0 insize=3871 outsize=684 kw=DIRECTIONAL pd=UNITY_ENABLE_REFLECTION_BUFFERS UNITY_PBS_USE_BRDF1 UNITY_SPECCUBE_BOX_PROJECTION UNITY_SPECCUBE_BLENDING ok=1
Cmd: compileSnippet
  api=1 type=0 insize=3871 outsize=684 kw=POINT_COOKIE pd=UNITY_ENABLE_REFLECTION_BUFFERS UNITY_PBS_USE_BRDF1 UNITY_SPECCUBE_BOX_PROJECTION UNITY_SPECCUBE_BLENDING ok=1
Cmd: compileSnippet
  api=4 type=1 insize=3871 outsize=990 kw=POINT pd=UNITY_ENABLE_REFLECTION_BUFFERS UNITY_PBS_USE_BRDF1 UNITY_SPECCUBE_BOX_PROJECTION UNITY_SPECCUBE_BLENDING ok=1
Cmd: compileSnippet
  api=4 type=1 insize=3871 outsize=1082 kw=POINT_COOKIE pd=UNITY_ENABLE_REFLECTION_BUFFERS UNITY_PBS_USE_BRDF1 UNITY_SPECCUBE_BOX_PROJECTION UNITY_SPECCUBE_BLENDING ok=1
Cmd: compileSnippet
  api=1 type=1 insize=3084 outsize=160 kw= pd=UNITY_ENABLE_REFLECTION_BUFFERS UNITY_PBS_USE_BRDF1 UNITY_SPECCUBE_BOX_PROJECTION UNITY_SPECCUBE_BLENDING ok=1
Cmd: compileSnippet
  api=4 type=1 insize=6224 outsize=662 kw=LIGHTMAP_OFF DYNAMICLIGHTMAP_OFF UNITY_HDR_ON pd=UNITY_ENABLE_REFLECTION_BUFFERS UNITY_PBS_USE_BRDF1 UNITY_SPECCUBE_BOX_PROJECTION UNITY_SPECCUBE_BLENDING ok=1
Cmd: compileSnippet
  api=4 type=0 insize=5962 outsize=2258 kw=LIGHTMAP_OFF DYNAMICLIGHTMAP_OFF UNITY_HDR_ON pd=UNITY_ENABLE_REFLECTION_BUFFERS UNITY_PBS_USE_BRDF1 UNITY_SPECCUBE_BOX_PROJECTION UNITY_SPECCUBE_BLENDING ok=1
Cmd: compileSnippet
  api=1 type=0 insize=3997 outsize=940 kw= pd=UNITY_ENABLE_REFLECTION_BUFFERS UNITY_PBS_USE_BRDF1 UNITY_SPECCUBE_BOX_PROJECTION UNITY_SPECCUBE_BLENDING UNITY_HARDWARE_TIER1 ok=1
Cmd: compileSnippet
  api=8 type=0 insize=3997 outsize=2710 kw=POINT pd=UNITY_NO_LINEAR_COLORSPACE UNITY_ENABLE_REFLECTION_BUFFERS UNITY_PBS_USE_BRDF1 UNITY_SPECCUBE_BOX_PROJECTION UNITY_SPECCUBE_BLENDING SHADER_API_MOBILE ok=1
Cmd: compileSnippet
  api=1 type=1 insize=3997 outsize=284 kw=POINT pd=UNITY_ENABLE_REFLECTION_BUFFERS UNITY_PBS_USE_BRDF1 UNITY_SPECCUBE_BOX_PROJECTION UNITY_SPECCUBE_BLENDING UNITY_HARDWARE_TIER3 ok=1
Cmd: compileSnippet
  api=1 type=1 insize=3997 outsize=284 kw=SPOT pd=UNITY_ENABLE_REFLECTION_BUFFERS UNITY_PBS_USE_BRDF1 UNITY_SPECCUBE_BOX_PROJECTION UNITY_SPECCUBE_BLENDING UNITY_HARDWARE_TIER1 ok=1
Cmd: compileSnippet
  api=1 type=0 insize=1768 outsize=472 kw= pd=UNITY_ENABLE_REFLECTION_BUFFERS UNITY_PBS_USE_BRDF1 UNITY_SPECCUBE_BOX_PROJECTION UNITY_SPECCUBE_BLENDING UNITY_HARDWARE_TIER1 ok=1
Cmd: compileSnippet
  api=8 type=1 insize=1768 outsize=834 kw= pd=UNITY_NO_LINEAR_COLORSPACE UNITY_ENABLE_REFLECTION_BUFFERS UNITY_PBS_USE_BRDF1 UNITY_SPECCUBE_BOX_PROJECTION UNITY_SPECCUBE_BLENDING SHADER_API_MOBILE ok=1
Cmd: compileSnippet
  api=4 type=0 insize=7277 outsize=4046 kw=DIRECTIONAL LIGHTMAP_OFF DYNAMICLIGHTMAP_OFF VERTEXLIGHT_ON pd=UNITY_ENABLE_REFLECTION_BUFFERS UNITY_PBS_USE_BRDF1 UNITY_SPECCUBE_BOX_PROJECTION UNITY_SPECCUBE_BLENDING ok=1
Cmd: compileSnippet
  api=8 type=0 insize=4084 outsize=3914 kw=DIRECTIONAL pd=UNITY_NO_LINEAR_COLORSPACE UNITY_ENABLE_REFLECTION_BUFFERS UNITY_PBS_USE_BRDF1 UNITY_SPECCUBE_BOX_PROJECTION UNITY_SPECCUBE_BLENDING SHADER_API_MOBILE ok=1
Cmd: compileSnippet
  api=4 type=1 insize=4084 outsize=1074 kw=POINT pd=UNITY_ENABLE_REFLECTION_BUFFERS UNITY_PBS_USE_BRDF1 UNITY_SPECCUBE_BOX_PROJECTION UNITY_SPECCUBE_BLENDING ok=1
Cmd: compileSnippet
  api=8 type=1 insize=4084 outsize=1730 kw=POINT_COOKIE pd=UNITY_NO_LINEAR_COLORSPACE UNITY_ENABLE_REFLECTION_BUFFERS UNITY_PBS_USE_BRDF1 UNITY_SPECCUBE_BOX_PROJECTION UNITY_SPECCUBE_BLENDING SHADER_API_MOBILE ok=1
Cmd: compileSnippet
  api=8 type=0 insize=6438 outsize=5238 kw=LIGHTMAP_OFF DYNAMICLIGHTMAP_OFF pd=UNITY_NO_LINEAR_COLORSPACE UNITY_ENABLE_REFLECTION_BUFFERS UNITY_PBS_USE_BRDF1 UNITY_SPECCUBE_BOX_PROJECTION UNITY_SPECCUBE_BLENDING SHADER_API_MOBILE ok=1
Cmd: compileSnippet
  api=1 type=0 insize=4039 outsize=940 kw= pd=UNITY_ENABLE_REFLECTION_BUFFERS UNITY_PBS_USE_BRDF1 UNITY_SPECCUBE_BOX_PROJECTION UNITY_SPECCUBE_BLENDING UNITY_HARDWARE_TIER2 ok=1
Cmd: compileSnippet
  api=8 type=0 insize=4039 outsize=2710 kw=POINT pd=UNITY_NO_LINEAR_COLORSPACE UNITY_ENABLE_REFLECTION_BUFFERS UNITY_PBS_USE_BRDF1 UNITY_SPECCUBE_BOX_PROJECTION UNITY_SPECCUBE_BLENDING SHADER_API_MOBILE ok=1
Cmd: compileSnippet
  api=1 type=1 insize=4039 outsize=360 kw=POINT pd=UNITY_ENABLE_REFLECTION_BUFFERS UNITY_PBS_USE_BRDF1 UNITY_SPECCUBE_BOX_PROJECTION UNITY_SPECCUBE_BLENDING UNITY_HARDWARE_TIER3 ok=1
Cmd: compileSnippet
  api=4 type=1 insize=4039 outsize=482 kw=SPOT pd=UNITY_ENABLE_REFLECTION_BUFFERS UNITY_PBS_USE_BRDF1 UNITY_SPECCUBE_BOX_PROJECTION UNITY_SPECCUBE_BLENDING ok=1
Cmd: compileSnippet
  api=8 type=0 insize=1806 outsize=1038 kw= pd=UNITY_NO_LINEAR_COLORSPACE UNITY_ENABLE_REFLECTION_BUFFERS UNITY_PBS_USE_BRDF1 UNITY_SPECCUBE_BOX_PROJECTION UNITY_SPECCUBE_BLENDING SHADER_API_MOBILE ok=1
Cmd: compileSnippet
  api=4 type=0 insize=7666 outsize=3706 kw=DIRECTIONAL SHADOWS_SCREEN LIGHTMAP_OFF DYNAMICLIGHTMAP_OFF pd=UNITY_ENABLE_REFLECTION_BUFFERS UNITY_PBS_USE_BRDF1 UNITY_SPECCUBE_BOX_PROJECTION UNITY_SPECCUBE_BLENDING ok=1
Cmd: compileSnippet
  api=8 type=0 insize=7666 outsize=6642 kw=DIRECTIONAL SHADOWS_SCREEN LIGHTMAP_OFF DYNAMICLIGHTMAP_OFF VERTEXLIGHT_ON pd=UNITY_NO_LINEAR_COLORSPACE UNITY_ENABLE_REFLECTION_BUFFERS UNITY_PBS_USE_BRDF1 UNITY_SPECCUBE_BOX_PROJECTION UNITY_SPECCUBE_BLENDING SHADER_API_MOBILE ok=1
Cmd: compileSnippet
  api=1 type=0 insize=4473 outsize=1700 kw=POINT pd=UNITY_ENABLE_REFLECTION_BUFFERS UNITY_PBS_USE_BRDF1 UNITY_SPECCUBE_BOX_PROJECTION UNITY_SPECCUBE_BLENDING ok=1
Cmd: compileSnippet
  api=8 type=0 insize=4473 outsize=4190 kw=SPOT pd=UNITY_NO_LINEAR_COLORSPACE UNITY_ENABLE_REFLECTION_BUFFERS UNITY_PBS_USE_BRDF1 UNITY_SPECCUBE_BOX_PROJECTION UNITY_SPECCUBE_BLENDING SHADER_API_MOBILE ok=1
Cmd: compileSnippet
  api=4 type=1 insize=4473 outsize=690 kw=DIRECTIONAL pd=UNITY_ENABLE_REFLECTION_BUFFERS UNITY_PBS_USE_BRDF1 UNITY_SPECCUBE_BOX_PROJECTION UNITY_SPECCUBE_BLENDING ok=1
Cmd: compileSnippet
  api=1 type=1 insize=4473 outsize=888 kw=POINT_COOKIE pd=UNITY_ENABLE_REFLECTION_BUFFERS UNITY_PBS_USE_BRDF1 UNITY_SPECCUBE_BOX_PROJECTION UNITY_SPECCUBE_BLENDING ok=1
Cmd: compileSnippet
  api=8 type=0 insize=3928 outsize=4190 kw= pd=UNITY_NO_LINEAR_COLORSPACE UNITY_ENABLE_REFLECTION_BUFFERS UNITY_PBS_USE_BRDF1 UNITY_SPECCUBE_BOX_PROJECTION UNITY_SPECCUBE_BLENDING SHADER_API_MOBILE ok=1
Cmd: compileSnippet
  api=1 type=0 insize=6827 outsize=2552 kw=LIGHTMAP_OFF DYNAMICLIGHTMAP_OFF pd=UNITY_ENABLE_REFLECTION_BUFFERS UNITY_PBS_USE_BRDF1 UNITY_SPECCUBE_BOX_PROJECTION UNITY_SPECCUBE_BLENDING ok=1
Cmd: compileSnippet
  api=8 type=1 insize=6827 outsize=1210 kw=LIGHTMAP_OFF DYNAMICLIGHTMAP_OFF pd=UNITY_NO_LINEAR_COLORSPACE UNITY_ENABLE_REFLECTION_BUFFERS UNITY_PBS_USE_BRDF1 UNITY_SPECCUBE_BOX_PROJECTION UNITY_SPECCUBE_BLENDING SHADER_API_MOBILE ok=1
Cmd: compileSnippet
  api=1 type=1 insize=3736 outsize=312 kw=SHADOWS_DEPTH pd=UNITY_ENABLE_REFLECTION_BUFFERS UNITY_PBS_USE_BRDF1 UNITY_SPECCUBE_BOX_PROJECTION UNITY_SPECCUBE_BLENDING ok=1
Cmd: compileSnippet
  api=4 type=0 insize=64945 outsize=1962 kw=DIRECTIONAL LIGHTMAP_OFF DYNAMICLIGHTMAP_OFF pd=UNITY_ENABLE_REFLECTION_BUFFERS UNITY_PBS_USE_BRDF1 UNITY_SPECCUBE_BOX_PROJECTION UNITY_SPECCUBE_BLENDING ok=1
Cmd: compileSnippet
  api=1 type=0 insize=64945 outsize=1692 kw=DIRECTIONAL SHADOWS_SCREEN LIGHTMAP_OFF DYNAMICLIGHTMAP_OFF _TERRAIN_NORMAL_MAP pd=UNITY_ENABLE_REFLECTION_BUFFERS UNITY_PBS_USE_BRDF1 UNITY_SPECCUBE_BOX_PROJECTION UNITY_SPECCUBE_BLENDING ok=1
Cmd: compileSnippet
  api=1 type=1 insize=64945 outsize=1340 kw=DIRECTIONAL LIGHTMAP_OFF DYNAMICLIGHTMAP_OFF pd=UNITY_ENABLE_REFLECTION_BUFFERS UNITY_PBS_USE_BRDF1 UNITY_SPECCUBE_BOX_PROJECTION UNITY_SPECCUBE_BLENDING ok=1
Cmd: compileSnippet
  api=4 type=0 insize=41355 outsize=1590 kw=DIRECTIONAL pd=UNITY_ENABLE_REFLECTION_BUFFERS UNITY_PBS_USE_BRDF1 UNITY_SPECCUBE_BOX_PROJECTION UNITY_SPECCUBE_BLENDING ok=1
Cmd: compileSnippet
  api=4 type=0 insize=41355 outsize=2186 kw=DIRECTIONAL _TERRAIN_NORMAL_MAP pd=UNITY_ENABLE_REFLECTION_BUFFERS UNITY_PBS_USE_BRDF1 UNITY_SPECCUBE_BOX_PROJECTION UNITY_SPECCUBE_BLENDING ok=1
Cmd: compileSnippet
  api=1 type=1 insize=41355 outsize=1184 kw=POINT pd=UNITY_ENABLE_REFLECTION_BUFFERS UNITY_PBS_USE_BRDF1 UNITY_SPECCUBE_BOX_PROJECTION UNITY_SPECCUBE_BLENDING ok=1
Cmd: compileSnippet
  api=1 type=1 insize=41355 outsize=1740 kw=POINT _TERRAIN_NORMAL_MAP pd=UNITY_ENABLE_REFLECTION_BUFFERS UNITY_PBS_USE_BRDF1 UNITY_SPECCUBE_BOX_PROJECTION UNITY_SPECCUBE_BLENDING ok=1
Cmd: compileSnippet
  api=1 type=1 insize=41355 outsize=1660 kw=DIRECTIONAL_COOKIE _TERRAIN_NORMAL_MAP pd=UNITY_ENABLE_REFLECTION_BUFFERS UNITY_PBS_USE_BRDF1 UNITY_SPECCUBE_BOX_PROJECTION UNITY_SPECCUBE_BLENDING ok=1
Cmd: compileSnippet
  api=4 type=1 insize=36172 outsize=554 kw= pd=UNITY_ENABLE_REFLECTION_BUFFERS UNITY_PBS_USE_BRDF1 UNITY_SPECCUBE_BOX_PROJECTION UNITY_SPECCUBE_BLENDING ok=1
Cmd: compileSnippet
  api=1 type=0 insize=58166 outsize=1748 kw=LIGHTMAP_OFF DYNAMICLIGHTMAP_OFF UNITY_HDR_ON _TERRAIN_NORMAL_MAP pd=UNITY_ENABLE_REFLECTION_BUFFERS UNITY_PBS_USE_BRDF1 UNITY_SPECCUBE_BOX_PROJECTION UNITY_SPECCUBE_BLENDING ok=1
Cmd: compileSnippet
  api=1 type=1 insize=58166 outsize=856 kw=LIGHTMAP_OFF DYNAMICLIGHTMAP_OFF UNITY_HDR_ON pd=UNITY_ENABLE_REFLECTION_BUFFERS UNITY_PBS_USE_BRDF1 UNITY_SPECCUBE_BOX_PROJECTION UNITY_SPECCUBE_BLENDING ok=1
Cmd: compileSnippet
  api=1 type=0 insize=59551 outsize=1152 kw=LIGHTMAP_OFF DYNAMICLIGHTMAP_OFF UNITY_HDR_ON pd=UNITY_ENABLE_REFLECTION_BUFFERS UNITY_PBS_USE_BRDF1 UNITY_SPECCUBE_BOX_PROJECTION UNITY_SPECCUBE_BLENDING ok=1
Cmd: compileSnippet
  api=1 type=1 insize=59551 outsize=1320 kw=LIGHTMAP_OFF DYNAMICLIGHTMAP_OFF pd=UNITY_ENABLE_REFLECTION_BUFFERS UNITY_PBS_USE_BRDF1 UNITY_SPECCUBE_BOX_PROJECTION UNITY_SPECCUBE_BLENDING ok=1
Cmd: compileSnippet
  api=4 type=0 insize=31724 outsize=2366 kw=DIRECTIONAL LIGHTMAP_OFF DYNAMICLIGHTMAP_OFF pd=UNITY_ENABLE_REFLECTION_BUFFERS UNITY_PBS_USE_BRDF1 UNITY_SPECCUBE_BOX_PROJECTION UNITY_SPECCUBE_BLENDING ok=1
Cmd: compileSnippet
  api=4 type=0 insize=31724 outsize=3274 kw=DIRECTIONAL SHADOWS_SCREEN LIGHTMAP_OFF DYNAMICLIGHTMAP_OFF VERTEXLIGHT_ON pd=UNITY_ENABLE_REFLECTION_BUFFERS UNITY_PBS_USE_BRDF1 UNITY_SPECCUBE_BOX_PROJECTION UNITY_SPECCUBE_BLENDING ok=1
Cmd: compileSnippet
  api=8 type=1 insize=31724 outsize=2050 kw=DIRECTIONAL SHADOWS_SCREEN LIGHTMAP_OFF DYNAMICLIGHTMAP_OFF pd=UNITY_NO_LINEAR_COLORSPACE UNITY_ENABLE_REFLECTION_BUFFERS UNITY_PBS_USE_BRDF1 UNITY_SPECCUBE_BOX_PROJECTION UNITY_SPECCUBE_BLENDING SHADER_API_MOBILE ok=1
Cmd: compileSnippet
  api=8 type=0 insize=18597 outsize=2222 kw=DIRECTIONAL pd=UNITY_NO_LINEAR_COLORSPACE UNITY_ENABLE_REFLECTION_BUFFERS UNITY_PBS_USE_BRDF1 UNITY_SPECCUBE_BOX_PROJECTION UNITY_SPECCUBE_BLENDING SHADER_API_MOBILE ok=1
Cmd: compileSnippet
  api=8 type=0 insize=18597 outsize=2222 kw=DIRECTIONAL_COOKIE pd=UNITY_NO_LINEAR_COLORSPACE UNITY_ENABLE_REFLECTION_BUFFERS UNITY_PBS_USE_BRDF1 UNITY_SPECCUBE_BOX_PROJECTION UNITY_SPECCUBE_BLENDING SHADER_API_MOBILE ok=1
Cmd: compileSnippet
  api=4 type=1 insize=18597 outsize=1794 kw=SPOT pd=UNITY_ENABLE_REFLECTION_BUFFERS UNITY_PBS_USE_BRDF1 UNITY_SPECCUBE_BOX_PROJECTION UNITY_SPECCUBE_BLENDING ok=1
Cmd: compileSnippet
  api=4 type=1 insize=18597 outsize=1414 kw=DIRECTIONAL_COOKIE pd=UNITY_ENABLE_REFLECTION_BUFFERS UNITY_PBS_USE_BRDF1 UNITY_SPECCUBE_BOX_PROJECTION UNITY_SPECCUBE_BLENDING ok=1
Cmd: compileSnippet
  api=8 type=1 insize=14786 outsize=714 kw= pd=UNITY_NO_LINEAR_COLORSPACE UNITY_ENABLE_REFLECTION_BUFFERS UNITY_PBS_USE_BRDF1 UNITY_SPECCUBE_BOX_PROJECTION UNITY_SPECCUBE_BLENDING SHADER_API_MOBILE ok=1
Cmd: compileSnippet
  api=4 type=0 insize=27689 outsize=2434 kw=LIGHTMAP_OFF DYNAMICLIGHTMAP_OFF pd=UNITY_ENABLE_REFLECTION_BUFFERS UNITY_PBS_USE_BRDF1 UNITY_SPECCUBE_BOX_PROJECTION UNITY_SPECCUBE_BLENDING ok=1
Cmd: compileSnippet
  api=4 type=1 insize=27689 outsize=1422 kw=LIGHTMAP_OFF DYNAMICLIGHTMAP_OFF pd=UNITY_ENABLE_REFLECTION_BUFFERS UNITY_PBS_USE_BRDF1 UNITY_SPECCUBE_BOX_PROJECTION UNITY_SPECCUBE_BLENDING ok=1
Cmd: compileSnippet
  api=4 type=0 insize=64609 outsize=2154 kw=DIRECTIONAL SHADOWS_SCREEN LIGHTMAP_OFF DYNAMICLIGHTMAP_OFF pd=UNITY_ENABLE_REFLECTION_BUFFERS UNITY_PBS_USE_BRDF1 UNITY_SPECCUBE_BOX_PROJECTION UNITY_SPECCUBE_BLENDING ok=1
Cmd: compileSnippet
  api=4 type=0 insize=64609 outsize=2754 kw=DIRECTIONAL SHADOWS_SCREEN LIGHTMAP_OFF DYNAMICLIGHTMAP_OFF _TERRAIN_NORMAL_MAP pd=UNITY_ENABLE_REFLECTION_BUFFERS UNITY_PBS_USE_BRDF1 UNITY_SPECCUBE_BOX_PROJECTION UNITY_SPECCUBE_BLENDING ok=1
Cmd: compileSnippet
  api=4 type=1 insize=64609 outsize=2690 kw=DIRECTIONAL SHADOWS_SCREEN LIGHTMAP_OFF DYNAMICLIGHTMAP_OFF pd=UNITY_ENABLE_REFLECTION_BUFFERS UNITY_PBS_USE_BRDF1 UNITY_SPECCUBE_BOX_PROJECTION UNITY_SPECCUBE_BLENDING ok=1
Cmd: compileSnippet
  api=4 type=0 insize=41019 outsize=1590 kw=DIRECTIONAL pd=UNITY_ENABLE_REFLECTION_BUFFERS UNITY_PBS_USE_BRDF1 UNITY_SPECCUBE_BOX_PROJECTION UNITY_SPECCUBE_BLENDING ok=1
Cmd: compileSnippet
  api=1 type=0 insize=41019 outsize=1232 kw=DIRECTIONAL _TERRAIN_NORMAL_MAP pd=UNITY_ENABLE_REFLECTION_BUFFERS UNITY_PBS_USE_BRDF1 UNITY_SPECCUBE_BOX_PROJECTION UNITY_SPECCUBE_BLENDING ok=1
Cmd: compileSnippet
  api=4 type=0 insize=41019 outsize=2186 kw=DIRECTIONAL_COOKIE _TERRAIN_NORMAL_MAP pd=UNITY_ENABLE_REFLECTION_BUFFERS UNITY_PBS_USE_BRDF1 UNITY_SPECCUBE_BOX_PROJECTION UNITY_SPECCUBE_BLENDING ok=1
Cmd: compileSnippet
  api=4 type=1 insize=41019 outsize=1754 kw=SPOT pd=UNITY_ENABLE_REFLECTION_BUFFERS UNITY_PBS_USE_BRDF1 UNITY_SPECCUBE_BOX_PROJECTION UNITY_SPECCUBE_BLENDING ok=1
Cmd: compileSnippet
  api=4 type=1 insize=41019 outsize=2470 kw=SPOT _TERRAIN_NORMAL_MAP pd=UNITY_ENABLE_REFLECTION_BUFFERS UNITY_PBS_USE_BRDF1 UNITY_SPECCUBE_BOX_PROJECTION UNITY_SPECCUBE_BLENDING ok=1
Cmd: compileSnippet
  api=4 type=1 insize=35836 outsize=1334 kw=_TERRAIN_NORMAL_MAP pd=UNITY_ENABLE_REFLECTION_BUFFERS UNITY_PBS_USE_BRDF1 UNITY_SPECCUBE_BOX_PROJECTION UNITY_SPECCUBE_BLENDING ok=1
Cmd: compileSnippet
  api=1 type=0 insize=57830 outsize=1748 kw=LIGHTMAP_OFF DYNAMICLIGHTMAP_OFF _TERRAIN_NORMAL_MAP pd=UNITY_ENABLE_REFLECTION_BUFFERS UNITY_PBS_USE_BRDF1 UNITY_SPECCUBE_BOX_PROJECTION UNITY_SPECCUBE_BLENDING ok=1
Cmd: compileSnippet
  api=1 type=1 insize=57830 outsize=864 kw=LIGHTMAP_OFF DYNAMICLIGHTMAP_OFF pd=UNITY_ENABLE_REFLECTION_BUFFERS UNITY_PBS_USE_BRDF1 UNITY_SPECCUBE_BOX_PROJECTION UNITY_SPECCUBE_BLENDING ok=1
Cmd: compileSnippet
  api=1 type=0 insize=59215 outsize=1516 kw=LIGHTMAP_OFF DYNAMICLIGHTMAP_OFF _TERRAIN_NORMAL_MAP pd=UNITY_ENABLE_REFLECTION_BUFFERS UNITY_PBS_USE_BRDF1 UNITY_SPECCUBE_BOX_PROJECTION UNITY_SPECCUBE_BLENDING ok=1
Cmd: compileSnippet
  api=4 type=1 insize=59215 outsize=2702 kw=LIGHTMAP_OFF DYNAMICLIGHTMAP_OFF UNITY_HDR_ON pd=UNITY_ENABLE_REFLECTION_BUFFERS UNITY_PBS_USE_BRDF1 UNITY_SPECCUBE_BOX_PROJECTION UNITY_SPECCUBE_BLENDING ok=1
Cmd: compileSnippet
  api=8 type=0 insize=31556 outsize=3542 kw=DIRECTIONAL SHADOWS_SCREEN LIGHTMAP_OFF DYNAMICLIGHTMAP_OFF pd=UNITY_NO_LINEAR_COLORSPACE UNITY_ENABLE_REFLECTION_BUFFERS UNITY_PBS_USE_BRDF1 UNITY_SPECCUBE_BOX_PROJECTION UNITY_SPECCUBE_BLENDING SHADER_API_MOBILE ok=1
Cmd: compileSnippet
  api=4 type=1 insize=31556 outsize=1198 kw=DIRECTIONAL LIGHTMAP_OFF DYNAMICLIGHTMAP_OFF pd=UNITY_ENABLE_REFLECTION_BUFFERS UNITY_PBS_USE_BRDF1 UNITY_SPECCUBE_BOX_PROJECTION UNITY_SPECCUBE_BLENDING ok=1
Cmd: compileSnippet
  api=8 type=0 insize=18429 outsize=2222 kw=DIRECTIONAL pd=UNITY_NO_LINEAR_COLORSPACE UNITY_ENABLE_REFLECTION_BUFFERS UNITY_PBS_USE_BRDF1 UNITY_SPECCUBE_BOX_PROJECTION UNITY_SPECCUBE_BLENDING SHADER_API_MOBILE ok=1
Cmd: compileSnippet
  api=8 type=0 insize=18429 outsize=2222 kw=DIRECTIONAL_COOKIE pd=UNITY_NO_LINEAR_COLORSPACE UNITY_ENABLE_REFLECTION_BUFFERS UNITY_PBS_USE_BRDF1 UNITY_SPECCUBE_BOX_PROJECTION UNITY_SPECCUBE_BLENDING SHADER_API_MOBILE ok=1
Cmd: compileSnippet
  api=1 type=1 insize=18429 outsize=860 kw=DIRECTIONAL pd=UNITY_ENABLE_REFLECTION_BUFFERS UNITY_PBS_USE_BRDF1 UNITY_SPECCUBE_BOX_PROJECTION UNITY_SPECCUBE_BLENDING ok=1
Cmd: compileSnippet
  api=8 type=1 insize=18429 outsize=2618 kw=SPOT pd=UNITY_NO_LINEAR_COLORSPACE UNITY_ENABLE_REFLECTION_BUFFERS UNITY_PBS_USE_BRDF1 UNITY_SPECCUBE_BOX_PROJECTION UNITY_SPECCUBE_BLENDING SHADER_API_MOBILE ok=1
Cmd: compileSnippet
  api=1 type=0 insize=27936 outsize=1748 kw=LIGHTMAP_OFF DYNAMICLIGHTMAP_OFF pd=UNITY_ENABLE_REFLECTION_BUFFERS UNITY_PBS_USE_BRDF1 UNITY_SPECCUBE_BOX_PROJECTION UNITY_SPECCUBE_BLENDING ok=1
Cmd: compileSnippet
  api=4 type=1 insize=27936 outsize=1182 kw=LIGHTMAP_OFF DYNAMICLIGHTMAP_OFF UNITY_HDR_ON pd=UNITY_ENABLE_REFLECTION_BUFFERS UNITY_PBS_USE_BRDF1 UNITY_SPECCUBE_BOX_PROJECTION UNITY_SPECCUBE_BLENDING ok=1
Cmd: compileSnippet
  api=4 type=0 insize=27521 outsize=2434 kw=LIGHTMAP_OFF DYNAMICLIGHTMAP_OFF UNITY_HDR_ON pd=UNITY_ENABLE_REFLECTION_BUFFERS UNITY_PBS_USE_BRDF1 UNITY_SPECCUBE_BOX_PROJECTION UNITY_SPECCUBE_BLENDING ok=1
Cmd: compileSnippet
  api=4 type=1 insize=607 outsize=390 kw= pd=UNITY_ENABLE_REFLECTION_BUFFERS UNITY_PBS_USE_BRDF1 UNITY_SPECCUBE_BOX_PROJECTION UNITY_SPECCUBE_BLENDING ok=1
Cmd: compileSnippet
  api=4 type=0 insize=66736 outsize=1962 kw=DIRECTIONAL LIGHTMAP_OFF DYNAMICLIGHTMAP_OFF pd=UNITY_ENABLE_REFLECTION_BUFFERS UNITY_PBS_USE_BRDF1 UNITY_SPECCUBE_BOX_PROJECTION UNITY_SPECCUBE_BLENDING ok=1
Cmd: compileSnippet
  api=1 type=0 insize=66736 outsize=1692 kw=DIRECTIONAL SHADOWS_SCREEN LIGHTMAP_OFF DYNAMICLIGHTMAP_OFF _TERRAIN_NORMAL_MAP pd=UNITY_ENABLE_REFLECTION_BUFFERS UNITY_PBS_USE_BRDF1 UNITY_SPECCUBE_BOX_PROJECTION UNITY_SPECCUBE_BLENDING ok=1
Cmd: compileSnippet
  api=1 type=1 insize=66736 outsize=2352 kw=DIRECTIONAL SHADOWS_SCREEN LIGHTMAP_OFF DYNAMICLIGHTMAP_OFF _TERRAIN_NORMAL_MAP pd=UNITY_ENABLE_REFLECTION_BUFFERS UNITY_PBS_USE_BRDF1 UNITY_SPECCUBE_BOX_PROJECTION UNITY_SPECCUBE_BLENDING ok=1
Cmd: compileSnippet
  api=1 type=0 insize=42810 outsize=876 kw=DIRECTIONAL pd=UNITY_ENABLE_REFLECTION_BUFFERS UNITY_PBS_USE_BRDF1 UNITY_SPECCUBE_BOX_PROJECTION UNITY_SPECCUBE_BLENDING ok=1
Cmd: compileSnippet
  api=4 type=0 insize=42810 outsize=1590 kw=DIRECTIONAL_COOKIE pd=UNITY_ENABLE_REFLECTION_BUFFERS UNITY_PBS_USE_BRDF1 UNITY_SPECCUBE_BOX_PROJECTION UNITY_SPECCUBE_BLENDING ok=1
Cmd: compileSnippet
  api=4 type=0 insize=42810 outsize=2186 kw=POINT_COOKIE _TERRAIN_NORMAL_MAP pd=UNITY_ENABLE_REFLECTION_BUFFERS UNITY_PBS_USE_BRDF1 UNITY_SPECCUBE_BOX_PROJECTION UNITY_SPECCUBE_BLENDING ok=1
Cmd: compileSnippet
  api=1 type=1 insize=42810 outsize=1688 kw=SPOT pd=UNITY_ENABLE_REFLECTION_BUFFERS UNITY_PBS_USE_BRDF1 UNITY_SPECCUBE_BOX_PROJECTION UNITY_SPECCUBE_BLENDING ok=1
Cmd: compileSnippet
  api=1 type=1 insize=42810 outsize=2220 kw=SPOT _TERRAIN_NORMAL_MAP pd=UNITY_ENABLE_REFLECTION_BUFFERS UNITY_PBS_USE_BRDF1 UNITY_SPECCUBE_BOX_PROJECTION UNITY_SPECCUBE_BLENDING ok=1
Cmd: compileSnippet
  api=1 type=0 insize=36939 outsize=1220 kw=_TERRAIN_NORMAL_MAP pd=UNITY_ENABLE_REFLECTION_BUFFERS UNITY_PBS_USE_BRDF1 UNITY_SPECCUBE_BOX_PROJECTION UNITY_SPECCUBE_BLENDING ok=1
Cmd: compileSnippet
  api=1 type=0 insize=58957 outsize=1748 kw=LIGHTMAP_OFF DYNAMICLIGHTMAP_OFF UNITY_HDR_ON pd=UNITY_ENABLE_REFLECTION_BUFFERS UNITY_PBS_USE_BRDF1 UNITY_SPECCUBE_BOX_PROJECTION UNITY_SPECCUBE_BLENDING ok=1
Cmd: compileSnippet
  api=1 type=1 insize=58957 outsize=928 kw=LIGHTMAP_OFF DYNAMICLIGHTMAP_OFF UNITY_HDR_ON pd=UNITY_ENABLE_REFLECTION_BUFFERS UNITY_PBS_USE_BRDF1 UNITY_SPECCUBE_BOX_PROJECTION UNITY_SPECCUBE_BLENDING ok=1
Cmd: compileSnippet
  api=1 type=0 insize=61342 outsize=1152 kw=LIGHTMAP_OFF DYNAMICLIGHTMAP_OFF pd=UNITY_ENABLE_REFLECTION_BUFFERS UNITY_PBS_USE_BRDF1 UNITY_SPECCUBE_BOX_PROJECTION UNITY_SPECCUBE_BLENDING ok=1
Cmd: compileSnippet
  api=1 type=1 insize=61342 outsize=1420 kw=LIGHTMAP_OFF DYNAMICLIGHTMAP_OFF pd=UNITY_ENABLE_REFLECTION_BUFFERS UNITY_PBS_USE_BRDF1 UNITY_SPECCUBE_BOX_PROJECTION UNITY_SPECCUBE_BLENDING ok=1
Cmd: compileSnippet
  api=4 type=0 insize=67072 outsize=2154 kw=DIRECTIONAL SHADOWS_SCREEN LIGHTMAP_OFF DYNAMICLIGHTMAP_OFF pd=UNITY_ENABLE_REFLECTION_BUFFERS UNITY_PBS_USE_BRDF1 UNITY_SPECCUBE_BOX_PROJECTION UNITY_SPECCUBE_BLENDING ok=1
Cmd: compileSnippet
  api=1 type=0 insize=67072 outsize=1692 kw=DIRECTIONAL SHADOWS_SCREEN LIGHTMAP_OFF DYNAMICLIGHTMAP_OFF _TERRAIN_NORMAL_MAP pd=UNITY_ENABLE_REFLECTION_BUFFERS UNITY_PBS_USE_BRDF1 UNITY_SPECCUBE_BOX_PROJECTION UNITY_SPECCUBE_BLENDING ok=1
Cmd: compileSnippet
  api=4 type=0 insize=67072 outsize=3654 kw=DIRECTIONAL SHADOWS_SCREEN LIGHTMAP_OFF DYNAMICLIGHTMAP_OFF VERTEXLIGHT_ON _TERRAIN_NORMAL_MAP pd=UNITY_ENABLE_REFLECTION_BUFFERS UNITY_PBS_USE_BRDF1 UNITY_SPECCUBE_BOX_PROJECTION UNITY_SPECCUBE_BLENDING ok=1
Cmd: compileSnippet
  api=4 type=1 insize=67072 outsize=3898 kw=DIRECTIONAL SHADOWS_SCREEN LIGHTMAP_OFF DYNAMICLIGHTMAP_OFF _TERRAIN_NORMAL_MAP pd=UNITY_ENABLE_REFLECTION_BUFFERS UNITY_PBS_USE_BRDF1 UNITY_SPECCUBE_BOX_PROJECTION UNITY_SPECCUBE_BLENDING ok=1
Cmd: compileSnippet
  api=4 type=0 insize=43146 outsize=1590 kw=SPOT pd=UNITY_ENABLE_REFLECTION_BUFFERS UNITY_PBS_USE_BRDF1 UNITY_SPECCUBE_BOX_PROJECTION UNITY_SPECCUBE_BLENDING ok=1
Cmd: compileSnippet
  api=1 type=0 insize=43146 outsize=1232 kw=DIRECTIONAL _TERRAIN_NORMAL_MAP pd=UNITY_ENABLE_REFLECTION_BUFFERS UNITY_PBS_USE_BRDF1 UNITY_SPECCUBE_BOX_PROJECTION UNITY_SPECCUBE_BLENDING ok=1
Cmd: compileSnippet
  api=4 type=0 insize=43146 outsize=2186 kw=DIRECTIONAL_COOKIE _TERRAIN_NORMAL_MAP pd=UNITY_ENABLE_REFLECTION_BUFFERS UNITY_PBS_USE_BRDF1 UNITY_SPECCUBE_BOX_PROJECTION UNITY_SPECCUBE_BLENDING ok=1
Cmd: compileSnippet
  api=1 type=1 insize=43146 outsize=1716 kw=SPOT pd=UNITY_ENABLE_REFLECTION_BUFFERS UNITY_PBS_USE_BRDF1 UNITY_SPECCUBE_BOX_PROJECTION UNITY_SPECCUBE_BLENDING ok=1
Cmd: compileSnippet
  api=4 type=1 insize=43146 outsize=2974 kw=SPOT _TERRAIN_NORMAL_MAP pd=UNITY_ENABLE_REFLECTION_BUFFERS UNITY_PBS_USE_BRDF1 UNITY_SPECCUBE_BOX_PROJECTION UNITY_SPECCUBE_BLENDING ok=1
Cmd: compileSnippet
  api=4 type=1 insize=37275 outsize=1402 kw=_TERRAIN_NORMAL_MAP pd=UNITY_ENABLE_REFLECTION_BUFFERS UNITY_PBS_USE_BRDF1 UNITY_SPECCUBE_BOX_PROJECTION UNITY_SPECCUBE_BLENDING ok=1
Cmd: compileSnippet
  api=1 type=0 insize=59293 outsize=1748 kw=LIGHTMAP_OFF DYNAMICLIGHTMAP_OFF _TERRAIN_NORMAL_MAP pd=UNITY_ENABLE_REFLECTION_BUFFERS UNITY_PBS_USE_BRDF1 UNITY_SPECCUBE_BOX_PROJECTION UNITY_SPECCUBE_BLENDING ok=1
Cmd: compileSnippet
  api=4 type=1 insize=59293 outsize=1334 kw=LIGHTMAP_OFF DYNAMICLIGHTMAP_OFF UNITY_HDR_ON pd=UNITY_ENABLE_REFLECTION_BUFFERS UNITY_PBS_USE_BRDF1 UNITY_SPECCUBE_BOX_PROJECTION UNITY_SPECCUBE_BLENDING ok=1
Cmd: compileSnippet
  api=4 type=0 insize=61678 outsize=1962 kw=LIGHTMAP_OFF DYNAMICLIGHTMAP_OFF UNITY_HDR_ON pd=UNITY_ENABLE_REFLECTION_BUFFERS UNITY_PBS_USE_BRDF1 UNITY_SPECCUBE_BOX_PROJECTION UNITY_SPECCUBE_BLENDING ok=1
Cmd: compileSnippet
  api=1 type=1 insize=61678 outsize=1996 kw=LIGHTMAP_OFF DYNAMICLIGHTMAP_OFF _TERRAIN_NORMAL_MAP pd=UNITY_ENABLE_REFLECTION_BUFFERS UNITY_PBS_USE_BRDF1 UNITY_SPECCUBE_BOX_PROJECTION UNITY_SPECCUBE_BLENDING ok=1
Cmd: compileSnippet
  api=4 type=0 insize=7135 outsize=2118 kw=DIRECTIONAL LIGHTMAP_OFF DYNAMICLIGHTMAP_OFF pd=UNITY_ENABLE_REFLECTION_BUFFERS UNITY_PBS_USE_BRDF1 UNITY_SPECCUBE_BOX_PROJECTION UNITY_SPECCUBE_BLENDING ok=1
Cmd: compileSnippet
  api=1 type=0 insize=7135 outsize=2168 kw=DIRECTIONAL SHADOWS_SCREEN LIGHTMAP_OFF DYNAMICLIGHTMAP_OFF VERTEXLIGHT_ON pd=UNITY_ENABLE_REFLECTION_BUFFERS UNITY_PBS_USE_BRDF1 UNITY_SPECCUBE_BOX_PROJECTION UNITY_SPECCUBE_BLENDING ok=1
Cmd: compileSnippet
  api=8 type=1 insize=7135 outsize=1842 kw=DIRECTIONAL SHADOWS_SCREEN LIGHTMAP_OFF DYNAMICLIGHTMAP_OFF pd=UNITY_NO_LINEAR_COLORSPACE UNITY_ENABLE_REFLECTION_BUFFERS UNITY_PBS_USE_BRDF1 UNITY_SPECCUBE_BOX_PROJECTION UNITY_SPECCUBE_BLENDING SHADER_API_MOBILE ok=1
Cmd: compileSnippet
  api=1 type=0 insize=3925 outsize=648 kw=SPOT pd=UNITY_ENABLE_REFLECTION_BUFFERS UNITY_PBS_USE_BRDF1 UNITY_SPECCUBE_BOX_PROJECTION UNITY_SPECCUBE_BLENDING ok=1
Cmd: compileSnippet
  api=1 type=0 insize=3925 outsize=648 kw=POINT_COOKIE pd=UNITY_ENABLE_REFLECTION_BUFFERS UNITY_PBS_USE_BRDF1 UNITY_SPECCUBE_BOX_PROJECTION UNITY_SPECCUBE_BLENDING ok=1
Cmd: compileSnippet
  api=1 type=1 insize=3925 outsize=1032 kw=POINT pd=UNITY_ENABLE_REFLECTION_BUFFERS UNITY_PBS_USE_BRDF1 UNITY_SPECCUBE_BOX_PROJECTION UNITY_SPECCUBE_BLENDING ok=1
Cmd: compileSnippet
  api=1 type=1 insize=3925 outsize=1128 kw=POINT_COOKIE pd=UNITY_ENABLE_REFLECTION_BUFFERS UNITY_PBS_USE_BRDF1 UNITY_SPECCUBE_BOX_PROJECTION UNITY_SPECCUBE_BLENDING ok=1
Cmd: compileSnippet
  api=8 type=0 insize=3126 outsize=1742 kw= pd=UNITY_NO_LINEAR_COLORSPACE UNITY_ENABLE_REFLECTION_BUFFERS UNITY_PBS_USE_BRDF1 UNITY_SPECCUBE_BOX_PROJECTION UNITY_SPECCUBE_BLENDING SHADER_API_MOBILE ok=1
Cmd: compileSnippet
  api=8 type=0 insize=6196 outsize=3226 kw=LIGHTMAP_OFF DYNAMICLIGHTMAP_OFF UNITY_HDR_ON pd=UNITY_NO_LINEAR_COLORSPACE UNITY_ENABLE_REFLECTION_BUFFERS UNITY_PBS_USE_BRDF1 UNITY_SPECCUBE_BOX_PROJECTION UNITY_SPECCUBE_BLENDING SHADER_API_MOBILE ok=1
Cmd: compileSnippet
  api=8 type=1 insize=6196 outsize=1090 kw=LIGHTMAP_OFF DYNAMICLIGHTMAP_OFF UNITY_HDR_ON pd=UNITY_NO_LINEAR_COLORSPACE UNITY_ENABLE_REFLECTION_BUFFERS UNITY_PBS_USE_BRDF1 UNITY_SPECCUBE_BOX_PROJECTION UNITY_SPECCUBE_BLENDING SHADER_API_MOBILE ok=1
Cmd: compileSnippet
  api=8 type=0 insize=6058 outsize=3014 kw=LIGHTMAP_OFF DYNAMICLIGHTMAP_OFF UNITY_HDR_ON pd=UNITY_NO_LINEAR_COLORSPACE UNITY_ENABLE_REFLECTION_BUFFERS UNITY_PBS_USE_BRDF1 UNITY_SPECCUBE_BOX_PROJECTION UNITY_SPECCUBE_BLENDING SHADER_API_MOBILE ok=1
Cmd: compileSnippet
  api=1 type=0 insize=70280 outsize=1152 kw=DIRECTIONAL LIGHTMAP_OFF DYNAMICLIGHTMAP_OFF pd=UNITY_ENABLE_REFLECTION_BUFFERS UNITY_PBS_USE_BRDF1 UNITY_SPECCUBE_BOX_PROJECTION UNITY_SPECCUBE_BLENDING ok=1
Cmd: compileSnippet
  api=1 type=0 insize=70280 outsize=1516 kw=DIRECTIONAL LIGHTMAP_OFF DYNAMICLIGHTMAP_OFF _TERRAIN_NORMAL_MAP pd=UNITY_ENABLE_REFLECTION_BUFFERS UNITY_PBS_USE_BRDF1 UNITY_SPECCUBE_BOX_PROJECTION UNITY_SPECCUBE_BLENDING ok=1
Cmd: compileSnippet
  api=1 type=1 insize=70280 outsize=4564 kw=DIRECTIONAL LIGHTMAP_OFF DYNAMICLIGHTMAP_OFF pd=UNITY_ENABLE_REFLECTION_BUFFERS UNITY_PBS_USE_BRDF1 UNITY_SPECCUBE_BOX_PROJECTION UNITY_SPECCUBE_BLENDING ok=1
Cmd: compileSnippet
  api=1 type=0 insize=46382 outsize=876 kw=POINT_COOKIE pd=UNITY_ENABLE_REFLECTION_BUFFERS UNITY_PBS_USE_BRDF1 UNITY_SPECCUBE_BOX_PROJECTION UNITY_SPECCUBE_BLENDING ok=1
Cmd: compileSnippet
  api=1 type=0 insize=46382 outsize=876 kw=DIRECTIONAL_COOKIE pd=UNITY_ENABLE_REFLECTION_BUFFERS UNITY_PBS_USE_BRDF1 UNITY_SPECCUBE_BOX_PROJECTION UNITY_SPECCUBE_BLENDING ok=1
Cmd: compileSnippet
  api=1 type=0 insize=46382 outsize=956 kw=POINT SHADOWS_CUBE pd=UNITY_ENABLE_REFLECTION_BUFFERS UNITY_PBS_USE_BRDF1 UNITY_SPECCUBE_BOX_PROJECTION UNITY_SPECCUBE_BLENDING ok=1
Cmd: compileSnippet
  api=4 type=0 insize=46382 outsize=1946 kw=SPOT SHADOWS_DEPTH SHADOWS_SOFT pd=UNITY_ENABLE_REFLECTION_BUFFERS UNITY_PBS_USE_BRDF1 UNITY_SPECCUBE_BOX_PROJECTION UNITY_SPECCUBE_BLENDING ok=1
Cmd: compileSnippet
  api=1 type=0 insize=46382 outsize=1232 kw=POINT_COOKIE _TERRAIN_NORMAL_MAP pd=UNITY_ENABLE_REFLECTION_BUFFERS UNITY_PBS_USE_BRDF1 UNITY_SPECCUBE_BOX_PROJECTION UNITY_SPECCUBE_BLENDING ok=1
Cmd: compileSnippet
  api=4 type=0 insize=46382 outsize=2378 kw=DIRECTIONAL SHADOWS_SCREEN _TERRAIN_NORMAL_MAP pd=UNITY_ENABLE_REFLECTION_BUFFERS UNITY_PBS_USE_BRDF1 UNITY_SPECCUBE_BOX_PROJECTION UNITY_SPECCUBE_BLENDING ok=1
Cmd: compileSnippet
  api=1 type=0 insize=46382 outsize=1392 kw=SPOT SHADOWS_DEPTH SHADOWS_SOFT _TERRAIN_NORMAL_MAP pd=UNITY_ENABLE_REFLECTION_BUFFERS UNITY_PBS_USE_BRDF1 UNITY_SPECCUBE_BOX_PROJECTION UNITY_SPECCUBE_BLENDING ok=1
Cmd: compileSnippet
  api=1 type=1 insize=46382 outsize=3020 kw=POINT pd=UNITY_ENABLE_REFLECTION_BUFFERS UNITY_PBS_USE_BRDF1 UNITY_SPECCUBE_BOX_PROJECTION UNITY_SPECCUBE_BLENDING ok=1
Cmd: compileSnippet
  api=4 type=1 insize=46382 outsize=3726 kw=DIRECTIONAL SHADOWS_SCREEN pd=UNITY_ENABLE_REFLECTION_BUFFERS UNITY_PBS_USE_BRDF1 UNITY_SPECCUBE_BOX_PROJECTION UNITY_SPECCUBE_BLENDING ok=1
Cmd: compileSnippet
  api=4 type=1 insize=46382 outsize=4254 kw=POINT SHADOWS_CUBE pd=UNITY_ENABLE_REFLECTION_BUFFERS UNITY_PBS_USE_BRDF1 UNITY_SPECCUBE_BOX_PROJECTION UNITY_SPECCUBE_BLENDING ok=1
Cmd: compileSnippet
  api=4 type=1 insize=46382 outsize=4726 kw=POINT_COOKIE SHADOWS_CUBE SHADOWS_SOFT pd=UNITY_ENABLE_REFLECTION_BUFFERS UNITY_PBS_USE_BRDF1 UNITY_SPECCUBE_BOX_PROJECTION UNITY_SPECCUBE_BLENDING ok=1
Cmd: compileSnippet
  api=1 type=1 insize=46382 outsize=3652 kw=POINT_COOKIE _TERRAIN_NORMAL_MAP pd=UNITY_ENABLE_REFLECTION_BUFFERS UNITY_PBS_USE_BRDF1 UNITY_SPECCUBE_BOX_PROJECTION UNITY_SPECCUBE_BLENDING ok=1
Cmd: compileSnippet
  api=4 type=1 insize=46382 outsize=4650 kw=DIRECTIONAL_COOKIE SHADOWS_SCREEN _TERRAIN_NORMAL_MAP pd=UNITY_ENABLE_REFLECTION_BUFFERS UNITY_PBS_USE_BRDF1 UNITY_SPECCUBE_BOX_PROJECTION UNITY_SPECCUBE_BLENDING ok=1
Cmd: compileSnippet
  api=1 type=1 insize=46382 outsize=4040 kw=POINT SHADOWS_CUBE SHADOWS_SOFT _TERRAIN_NORMAL_MAP pd=UNITY_ENABLE_REFLECTION_BUFFERS UNITY_PBS_USE_BRDF1 UNITY_SPECCUBE_BOX_PROJECTION UNITY_SPECCUBE_BLENDING ok=1
Cmd: compileSnippet
  api=4 type=0 insize=66882 outsize=1962 kw=LIGHTMAP_OFF DYNAMICLIGHTMAP_OFF UNITY_HDR_ON pd=UNITY_ENABLE_REFLECTION_BUFFERS UNITY_PBS_USE_BRDF1 UNITY_SPECCUBE_BOX_PROJECTION UNITY_SPECCUBE_BLENDING ok=1
Cmd: compileSnippet
  api=1 type=1 insize=66882 outsize=1816 kw=LIGHTMAP_OFF DYNAMICLIGHTMAP_OFF UNITY_HDR_ON pd=UNITY_ENABLE_REFLECTION_BUFFERS UNITY_PBS_USE_BRDF1 UNITY_SPECCUBE_BOX_PROJECTION UNITY_SPECCUBE_BLENDING ok=1
Cmd: compileSnippet
  api=4 type=0 insize=70616 outsize=1962 kw=DIRECTIONAL LIGHTMAP_OFF DYNAMICLIGHTMAP_OFF pd=UNITY_ENABLE_REFLECTION_BUFFERS UNITY_PBS_USE_BRDF1 UNITY_SPECCUBE_BOX_PROJECTION UNITY_SPECCUBE_BLENDING ok=1
Cmd: compileSnippet
  api=4 type=0 insize=70616 outsize=2562 kw=DIRECTIONAL LIGHTMAP_OFF DYNAMICLIGHTMAP_OFF _TERRAIN_NORMAL_MAP pd=UNITY_ENABLE_REFLECTION_BUFFERS UNITY_PBS_USE_BRDF1 UNITY_SPECCUBE_BOX_PROJECTION UNITY_SPECCUBE_BLENDING ok=1
Cmd: compileSnippet
  api=4 type=0 insize=70616 outsize=3654 kw=DIRECTIONAL SHADOWS_SCREEN LIGHTMAP_OFF DYNAMICLIGHTMAP_OFF VERTEXLIGHT_ON _TERRAIN_NORMAL_MAP pd=UNITY_ENABLE_REFLECTION_BUFFERS UNITY_PBS_USE_BRDF1 UNITY_SPECCUBE_BOX_PROJECTION UNITY_SPECCUBE_BLENDING ok=1
Cmd: compileSnippet
  api=4 type=1 insize=70616 outsize=7770 kw=DIRECTIONAL SHADOWS_SCREEN LIGHTMAP_OFF DYNAMICLIGHTMAP_OFF _TERRAIN_NORMAL_MAP pd=UNITY_ENABLE_REFLECTION_BUFFERS UNITY_PBS_USE_BRDF1 UNITY_SPECCUBE_BOX_PROJECTION UNITY_SPECCUBE_BLENDING ok=1
Cmd: compileSnippet
  api=1 type=0 insize=46718 outsize=876 kw=POINT_COOKIE pd=UNITY_ENABLE_REFLECTION_BUFFERS UNITY_PBS_USE_BRDF1 UNITY_SPECCUBE_BOX_PROJECTION UNITY_SPECCUBE_BLENDING ok=1
Cmd: compileSnippet
  api=4 type=0 insize=46718 outsize=1590 kw=DIRECTIONAL_COOKIE pd=UNITY_ENABLE_REFLECTION_BUFFERS UNITY_PBS_USE_BRDF1 UNITY_SPECCUBE_BOX_PROJECTION UNITY_SPECCUBE_BLENDING ok=1
Cmd: compileSnippet
  api=1 type=0 insize=46718 outsize=956 kw=POINT_COOKIE SHADOWS_CUBE pd=UNITY_ENABLE_REFLECTION_BUFFERS UNITY_PBS_USE_BRDF1 UNITY_SPECCUBE_BOX_PROJECTION UNITY_SPECCUBE_BLENDING ok=1
Cmd: compileSnippet
  api=4 type=0 insize=46718 outsize=1698 kw=POINT_COOKIE SHADOWS_CUBE SHADOWS_SOFT pd=UNITY_ENABLE_REFLECTION_BUFFERS UNITY_PBS_USE_BRDF1 UNITY_SPECCUBE_BOX_PROJECTION UNITY_SPECCUBE_BLENDING ok=1
Cmd: compileSnippet
  api=1 type=0 insize=46718 outsize=1232 kw=DIRECTIONAL_COOKIE _TERRAIN_NORMAL_MAP pd=UNITY_ENABLE_REFLECTION_BUFFERS UNITY_PBS_USE_BRDF1 UNITY_SPECCUBE_BOX_PROJECTION UNITY_SPECCUBE_BLENDING ok=1
Cmd: compileSnippet
  api=1 type=0 insize=46718 outsize=1408 kw=DIRECTIONAL SHADOWS_SCREEN _TERRAIN_NORMAL_MAP pd=UNITY_ENABLE_REFLECTION_BUFFERS UNITY_PBS_USE_BRDF1 UNITY_SPECCUBE_BOX_PROJECTION UNITY_SPECCUBE_BLENDING ok=1
Cmd: compileSnippet
  api=1 type=0 insize=46718 outsize=1392 kw=SPOT SHADOWS_DEPTH SHADOWS_SOFT _TERRAIN_NORMAL_MAP pd=UNITY_ENABLE_REFLECTION_BUFFERS UNITY_PBS_USE_BRDF1 UNITY_SPECCUBE_BOX_PROJECTION UNITY_SPECCUBE_BLENDING ok=1
Cmd: compileSnippet
  api=1 type=1 insize=46718 outsize=3032 kw=POINT pd=UNITY_ENABLE_REFLECTION_BUFFERS UNITY_PBS_USE_BRDF1 UNITY_SPECCUBE_BOX_PROJECTION UNITY_SPECCUBE_BLENDING ok=1
Cmd: compileSnippet
  api=1 type=1 insize=46718 outsize=3372 kw=SPOT SHADOWS_DEPTH pd=UNITY_ENABLE_REFLECTION_BUFFERS UNITY_PBS_USE_BRDF1 UNITY_SPECCUBE_BOX_PROJECTION UNITY_SPECCUBE_BLENDING ok=1
Cmd: compileSnippet
  api=4 type=1 insize=46718 outsize=4674 kw=POINT SHADOWS_CUBE SHADOWS_SOFT pd=UNITY_ENABLE_REFLECTION_BUFFERS UNITY_PBS_USE_BRDF1 UNITY_SPECCUBE_BOX_PROJECTION UNITY_SPECCUBE_BLENDING ok=1
Cmd: compileSnippet
  api=1 type=1 insize=46718 outsize=3300 kw=DIRECTIONAL _TERRAIN_NORMAL_MAP pd=UNITY_ENABLE_REFLECTION_BUFFERS UNITY_PBS_USE_BRDF1 UNITY_SPECCUBE_BOX_PROJECTION UNITY_SPECCUBE_BLENDING ok=1
Cmd: compileSnippet
  api=4 type=1 insize=46718 outsize=5162 kw=SPOT SHADOWS_DEPTH _TERRAIN_NORMAL_MAP pd=UNITY_ENABLE_REFLECTION_BUFFERS UNITY_PBS_USE_BRDF1 UNITY_SPECCUBE_BOX_PROJECTION UNITY_SPECCUBE_BLENDING ok=1
Cmd: compileSnippet
  api=4 type=1 insize=46718 outsize=4982 kw=POINT SHADOWS_CUBE _TERRAIN_NORMAL_MAP pd=UNITY_ENABLE_REFLECTION_BUFFERS UNITY_PBS_USE_BRDF1 UNITY_SPECCUBE_BOX_PROJECTION UNITY_SPECCUBE_BLENDING ok=1
Cmd: compileSnippet
  api=1 type=1 insize=46718 outsize=4164 kw=POINT_COOKIE SHADOWS_CUBE SHADOWS_SOFT _TERRAIN_NORMAL_MAP pd=UNITY_ENABLE_REFLECTION_BUFFERS UNITY_PBS_USE_BRDF1 UNITY_SPECCUBE_BOX_PROJECTION UNITY_SPECCUBE_BLENDING ok=1
Cmd: compileSnippet
  api=4 type=0 insize=67218 outsize=2562 kw=LIGHTMAP_OFF DYNAMICLIGHTMAP_OFF _TERRAIN_NORMAL_MAP pd=UNITY_ENABLE_REFLECTION_BUFFERS UNITY_PBS_USE_BRDF1 UNITY_SPECCUBE_BOX_PROJECTION UNITY_SPECCUBE_BLENDING ok=1
Cmd: compileSnippet
  api=4 type=1 insize=67218 outsize=3854 kw=LIGHTMAP_OFF DYNAMICLIGHTMAP_OFF _TERRAIN_NORMAL_MAP pd=UNITY_ENABLE_REFLECTION_BUFFERS UNITY_PBS_USE_BRDF1 UNITY_SPECCUBE_BOX_PROJECTION UNITY_SPECCUBE_BLENDING ok=1
Cmd: compileSnippet
  api=1 type=0 insize=7370 outsize=1924 kw=DIRECTIONAL SHADOWS_SCREEN LIGHTMAP_OFF DYNAMICLIGHTMAP_OFF VERTEXLIGHT_ON pd=UNITY_ENABLE_REFLECTION_BUFFERS UNITY_PBS_USE_BRDF1 UNITY_SPECCUBE_BOX_PROJECTION UNITY_SPECCUBE_BLENDING ok=1
Cmd: compileSnippet
  api=4 type=0 insize=4174 outsize=1342 kw=POINT pd=UNITY_ENABLE_REFLECTION_BUFFERS UNITY_PBS_USE_BRDF1 UNITY_SPECCUBE_BOX_PROJECTION UNITY_SPECCUBE_BLENDING ok=1
Cmd: compileSnippet
  api=1 type=0 insize=4174 outsize=824 kw=DIRECTIONAL SHADOWS_SCREEN pd=UNITY_ENABLE_REFLECTION_BUFFERS UNITY_PBS_USE_BRDF1 UNITY_SPECCUBE_BOX_PROJECTION UNITY_SPECCUBE_BLENDING ok=1
Cmd: compileSnippet
  api=1 type=0 insize=4174 outsize=728 kw=POINT_COOKIE SHADOWS_CUBE pd=UNITY_ENABLE_REFLECTION_BUFFERS UNITY_PBS_USE_BRDF1 UNITY_SPECCUBE_BOX_PROJECTION UNITY_SPECCUBE_BLENDING ok=1
Cmd: compileSnippet
  api=4 type=1 insize=4174 outsize=3154 kw=POINT pd=UNITY_ENABLE_REFLECTION_BUFFERS UNITY_PBS_USE_BRDF1 UNITY_SPECCUBE_BOX_PROJECTION UNITY_SPECCUBE_BLENDING ok=1
Cmd: compileSnippet
  api=1 type=1 insize=4174 outsize=2008 kw=DIRECTIONAL SHADOWS_SCREEN pd=UNITY_ENABLE_REFLECTION_BUFFERS UNITY_PBS_USE_BRDF1 UNITY_SPECCUBE_BOX_PROJECTION UNITY_SPECCUBE_BLENDING ok=1
Cmd: compileSnippet
  api=4 type=1 insize=4174 outsize=3610 kw=POINT_COOKIE SHADOWS_CUBE pd=UNITY_ENABLE_REFLECTION_BUFFERS UNITY_PBS_USE_BRDF1 UNITY_SPECCUBE_BOX_PROJECTION UNITY_SPECCUBE_BLENDING ok=1
Cmd: compileSnippet
  api=1 type=0 insize=6480 outsize=924 kw=LIGHTMAP_OFF DYNAMICLIGHTMAP_OFF pd=UNITY_ENABLE_REFLECTION_BUFFERS UNITY_PBS_USE_BRDF1 UNITY_SPECCUBE_BOX_PROJECTION UNITY_SPECCUBE_BLENDING ok=1
Cmd: compileSnippet
  api=1 type=1 insize=1440 outsize=232 kw= pd=UNITY_ENABLE_REFLECTION_BUFFERS UNITY_PBS_USE_BRDF1 UNITY_SPECCUBE_BOX_PROJECTION UNITY_SPECCUBE_BLENDING UNITY_HARDWARE_TIER1 ok=1
Cmd: compileSnippet
  api=1 type=0 insize=4567 outsize=1744 kw=POINT pd=UNITY_ENABLE_REFLECTION_BUFFERS UNITY_PBS_USE_BRDF1 UNITY_SPECCUBE_BOX_PROJECTION UNITY_SPECCUBE_BLENDING UNITY_HARDWARE_TIER1 ok=1
Cmd: compileSnippet
  api=1 type=0 insize=4567 outsize=1924 kw=SPOT pd=UNITY_ENABLE_REFLECTION_BUFFERS UNITY_PBS_USE_BRDF1 UNITY_SPECCUBE_BOX_PROJECTION UNITY_SPECCUBE_BLENDING UNITY_HARDWARE_TIER3 ok=1
Cmd: compileSnippet
  api=1 type=1 insize=4567 outsize=300 kw=POINT pd=UNITY_ENABLE_REFLECTION_BUFFERS UNITY_PBS_USE_BRDF1 UNITY_SPECCUBE_BOX_PROJECTION UNITY_SPECCUBE_BLENDING UNITY_HARDWARE_TIER3 ok=1
Cmd: compileSnippet
  api=1 type=1 insize=4567 outsize=300 kw=SPOT pd=UNITY_ENABLE_REFLECTION_BUFFERS UNITY_PBS_USE_BRDF1 UNITY_SPECCUBE_BOX_PROJECTION UNITY_SPECCUBE_BLENDING UNITY_HARDWARE_TIER2 ok=1
Cmd: compileSnippet
  api=8 type=0 insize=1777 outsize=1038 kw= pd=UNITY_NO_LINEAR_COLORSPACE UNITY_ENABLE_REFLECTION_BUFFERS UNITY_PBS_USE_BRDF1 UNITY_SPECCUBE_BOX_PROJECTION UNITY_SPECCUBE_BLENDING SHADER_API_MOBILE ok=1
Cmd: compileSnippet
  api=4 type=0 insize=2052 outsize=806 kw= pd=UNITY_ENABLE_REFLECTION_BUFFERS UNITY_PBS_USE_BRDF1 UNITY_SPECCUBE_BOX_PROJECTION UNITY_SPECCUBE_BLENDING ok=1
Cmd: compileSnippet
  api=1 type=0 insize=560 outsize=1020 kw=SHADOWS_DEPTH pd=UNITY_ENABLE_REFLECTION_BUFFERS UNITY_PBS_USE_BRDF1 UNITY_SPECCUBE_BOX_PROJECTION UNITY_SPECCUBE_BLENDING ok=1
Cmd: compileSnippet
  api=1 type=1 insize=560 outsize=296 kw=SHADOWS_CUBE pd=UNITY_ENABLE_REFLECTION_BUFFERS UNITY_PBS_USE_BRDF1 UNITY_SPECCUBE_BOX_PROJECTION UNITY_SPECCUBE_BLENDING ok=1
Cmd: compileSnippet
  api=8 type=0 insize=6930 outsize=3214 kw=DIRECTIONAL SHADOWS_SCREEN LIGHTMAP_OFF DYNAMICLIGHTMAP_OFF pd=UNITY_NO_LINEAR_COLORSPACE UNITY_ENABLE_REFLECTION_BUFFERS UNITY_PBS_USE_BRDF1 UNITY_SPECCUBE_BOX_PROJECTION UNITY_SPECCUBE_BLENDING SHADER_API_MOBILE ok=1
Cmd: compileSnippet
  api=8 type=1 insize=6930 outsize=950 kw=DIRECTIONAL LIGHTMAP_OFF DYNAMICLIGHTMAP_OFF pd=UNITY_NO_LINEAR_COLORSPACE UNITY_ENABLE_REFLECTION_BUFFERS UNITY_PBS_USE_BRDF1 UNITY_SPECCUBE_BOX_PROJECTION UNITY_SPECCUBE_BLENDING SHADER_API_MOBILE ok=1
Cmd: compileSnippet
  api=4 type=0 insize=3762 outsize=1342 kw=SPOT pd=UNITY_ENABLE_REFLECTION_BUFFERS UNITY_PBS_USE_BRDF1 UNITY_SPECCUBE_BOX_PROJECTION UNITY_SPECCUBE_BLENDING ok=1
Cmd: compileSnippet
  api=8 type=0 insize=3762 outsize=1894 kw=DIRECTIONAL_COOKIE pd=UNITY_NO_LINEAR_COLORSPACE UNITY_ENABLE_REFLECTION_BUFFERS UNITY_PBS_USE_BRDF1 UNITY_SPECCUBE_BOX_PROJECTION UNITY_SPECCUBE_BLENDING SHADER_API_MOBILE ok=1
Cmd: compileSnippet
  api=4 type=1 insize=3762 outsize=1198 kw=SPOT pd=UNITY_ENABLE_REFLECTION_BUFFERS UNITY_PBS_USE_BRDF1 UNITY_SPECCUBE_BOX_PROJECTION UNITY_SPECCUBE_BLENDING ok=1
Cmd: compileSnippet
  api=1 type=0 insize=3049 outsize=556 kw= pd=UNITY_ENABLE_REFLECTION_BUFFERS UNITY_PBS_USE_BRDF1 UNITY_SPECCUBE_BOX_PROJECTION UNITY_SPECCUBE_BLENDING ok=1
Cmd: compileSnippet
  api=4 type=0 insize=6115 outsize=2282 kw=LIGHTMAP_OFF DYNAMICLIGHTMAP_OFF pd=UNITY_ENABLE_REFLECTION_BUFFERS UNITY_PBS_USE_BRDF1 UNITY_SPECCUBE_BOX_PROJECTION UNITY_SPECCUBE_BLENDING ok=1
Cmd: compileSnippet
  api=8 type=1 insize=6115 outsize=990 kw=LIGHTMAP_OFF DYNAMICLIGHTMAP_OFF UNITY_HDR_ON pd=UNITY_NO_LINEAR_COLORSPACE UNITY_ENABLE_REFLECTION_BUFFERS UNITY_PBS_USE_BRDF1 UNITY_SPECCUBE_BOX_PROJECTION UNITY_SPECCUBE_BLENDING SHADER_API_MOBILE ok=1
Cmd: compileSnippet
  api=8 type=0 insize=5853 outsize=3014 kw=LIGHTMAP_OFF DYNAMICLIGHTMAP_OFF UNITY_HDR_ON pd=UNITY_NO_LINEAR_COLORSPACE UNITY_ENABLE_REFLECTION_BUFFERS UNITY_PBS_USE_BRDF1 UNITY_SPECCUBE_BOX_PROJECTION UNITY_SPECCUBE_BLENDING SHADER_API_MOBILE ok=1
Cmd: compileSnippet
  api=1 type=0 insize=493 outsize=280 kw= pd=UNITY_ENABLE_REFLECTION_BUFFERS UNITY_PBS_USE_BRDF1 UNITY_SPECCUBE_BOX_PROJECTION UNITY_SPECCUBE_BLENDING ok=1
Cmd: compileSnippet
  api=4 type=0 insize=884 outsize=1006 kw= pd=UNITY_ENABLE_REFLECTION_BUFFERS UNITY_PBS_USE_BRDF1 UNITY_SPECCUBE_BOX_PROJECTION UNITY_SPECCUBE_BLENDING ok=1
Cmd: compileSnippet
  api=1 type=1 insize=771 outsize=288 kw= pd=UNITY_ENABLE_REFLECTION_BUFFERS UNITY_PBS_USE_BRDF1 UNITY_SPECCUBE_BOX_PROJECTION UNITY_SPECCUBE_BLENDING ok=1
Cmd: compileSnippet
  api=4 type=0 insize=989 outsize=1426 kw= pd=UNITY_ENABLE_REFLECTION_BUFFERS UNITY_PBS_USE_BRDF1 UNITY_SPECCUBE_BOX_PROJECTION UNITY_SPECCUBE_BLENDING ok=1
Cmd: compileSnippet
  api=1 type=0 insize=929 outsize=1684 kw= pd=UNITY_ENABLE_REFLECTION_BUFFERS UNITY_PBS_USE_BRDF1 UNITY_SPECCUBE_BOX_PROJECTION UNITY_SPECCUBE_BLENDING ok=1
Cmd: compileSnippet
  api=1 type=0 insize=1346 outsize=708 kw=DIRECTIONAL pd=UNITY_ENABLE_REFLECTION_BUFFERS UNITY_PBS_USE_BRDF1 UNITY_SPECCUBE_BOX_PROJECTION UNITY_SPECCUBE_BLENDING ok=1
Cmd: compileSnippet
  api=4 type=0 insize=1346 outsize=942 kw=SPOT SHADOWS_DEPTH pd=UNITY_ENABLE_REFLECTION_BUFFERS UNITY_PBS_USE_BRDF1 UNITY_SPECCUBE_BOX_PROJECTION UNITY_SPECCUBE_BLENDING ok=1
Cmd: compileSnippet
  api=1 type=0 insize=1346 outsize=708 kw=POINT SHADOWS_CUBE SHADOWS_SOFT pd=UNITY_ENABLE_REFLECTION_BUFFERS UNITY_PBS_USE_BRDF1 UNITY_SPECCUBE_BOX_PROJECTION UNITY_SPECCUBE_BLENDING ok=1
Cmd: compileSnippet
  api=1 type=1 insize=1346 outsize=2028 kw=SPOT pd=UNITY_ENABLE_REFLECTION_BUFFERS UNITY_PBS_USE_BRDF1 UNITY_SPECCUBE_BOX_PROJECTION UNITY_SPECCUBE_BLENDING ok=1
Cmd: compileSnippet
  api=1 type=1 insize=1346 outsize=1756 kw=DIRECTIONAL SHADOWS_SCREEN pd=UNITY_ENABLE_REFLECTION_BUFFERS UNITY_PBS_USE_BRDF1 UNITY_SPECCUBE_BOX_PROJECTION UNITY_SPECCUBE_BLENDING ok=1
Cmd: compileSnippet
  api=1 type=1 insize=1346 outsize=2232 kw=POINT_COOKIE SHADOWS_CUBE pd=UNITY_ENABLE_REFLECTION_BUFFERS UNITY_PBS_USE_BRDF1 UNITY_SPECCUBE_BOX_PROJECTION UNITY_SPECCUBE_BLENDING ok=1
Cmd: compileSnippet
  api=4 type=1 insize=1346 outsize=3142 kw=POINT_COOKIE SHADOWS_CUBE SHADOWS_SOFT pd=UNITY_ENABLE_REFLECTION_BUFFERS UNITY_PBS_USE_BRDF1 UNITY_SPECCUBE_BOX_PROJECTION UNITY_SPECCUBE_BLENDING ok=1
Cmd: compileSnippet
  api=4 type=0 insize=1339 outsize=942 kw=POINT_COOKIE pd=UNITY_ENABLE_REFLECTION_BUFFERS UNITY_PBS_USE_BRDF1 UNITY_SPECCUBE_BOX_PROJECTION UNITY_SPECCUBE_BLENDING ok=1
Cmd: compileSnippet
  api=1 type=0 insize=1339 outsize=708 kw=DIRECTIONAL SHADOWS_SCREEN pd=UNITY_ENABLE_REFLECTION_BUFFERS UNITY_PBS_USE_BRDF1 UNITY_SPECCUBE_BOX_PROJECTION UNITY_SPECCUBE_BLENDING ok=1
Cmd: compileSnippet
  api=4 type=0 insize=1339 outsize=942 kw=POINT_COOKIE SHADOWS_CUBE pd=UNITY_ENABLE_REFLECTION_BUFFERS UNITY_PBS_USE_BRDF1 UNITY_SPECCUBE_BOX_PROJECTION UNITY_SPECCUBE_BLENDING ok=1
Cmd: compileSnippet
  api=1 type=1 insize=1339 outsize=1980 kw=SPOT pd=UNITY_ENABLE_REFLECTION_BUFFERS UNITY_PBS_USE_BRDF1 UNITY_SPECCUBE_BOX_PROJECTION UNITY_SPECCUBE_BLENDING ok=1
Cmd: compileSnippet
  api=1 type=1 insize=1339 outsize=1708 kw=DIRECTIONAL SHADOWS_SCREEN pd=UNITY_ENABLE_REFLECTION_BUFFERS UNITY_PBS_USE_BRDF1 UNITY_SPECCUBE_BOX_PROJECTION UNITY_SPECCUBE_BLENDING ok=1
Cmd: compileSnippet
  api=1 type=1 insize=1339 outsize=2184 kw=POINT_COOKIE SHADOWS_CUBE pd=UNITY_ENABLE_REFLECTION_BUFFERS UNITY_PBS_USE_BRDF1 UNITY_SPECCUBE_BOX_PROJECTION UNITY_SPECCUBE_BLENDING ok=1
Cmd: compileSnippet
  api=4 type=1 insize=1339 outsize=3118 kw=POINT_COOKIE SHADOWS_CUBE SHADOWS_SOFT pd=UNITY_ENABLE_REFLECTION_BUFFERS UNITY_PBS_USE_BRDF1 UNITY_SPECCUBE_BOX_PROJECTION UNITY_SPECCUBE_BLENDING ok=1
Cmd: compileSnippet
  api=1 type=0 insize=1344 outsize=708 kw=SPOT pd=UNITY_ENABLE_REFLECTION_BUFFERS UNITY_PBS_USE_BRDF1 UNITY_SPECCUBE_BOX_PROJECTION UNITY_SPECCUBE_BLENDING ok=1
Cmd: compileSnippet
  api=4 type=0 insize=1344 outsize=942 kw=SPOT SHADOWS_DEPTH pd=UNITY_ENABLE_REFLECTION_BUFFERS UNITY_PBS_USE_BRDF1 UNITY_SPECCUBE_BOX_PROJECTION UNITY_SPECCUBE_BLENDING ok=1
Cmd: compileSnippet
  api=4 type=0 insize=1344 outsize=942 kw=SPOT SHADOWS_DEPTH SHADOWS_SOFT pd=UNITY_ENABLE_REFLECTION_BUFFERS UNITY_PBS_USE_BRDF1 UNITY_SPECCUBE_BOX_PROJECTION UNITY_SPECCUBE_BLENDING ok=1
Cmd: compileSnippet
  api=1 type=1 insize=1344 outsize=1932 kw=POINT_COOKIE pd=UNITY_ENABLE_REFLECTION_BUFFERS UNITY_PBS_USE_BRDF1 UNITY_SPECCUBE_BOX_PROJECTION UNITY_SPECCUBE_BLENDING ok=1
Cmd: compileSnippet
  api=1 type=1 insize=1344 outsize=2304 kw=SPOT SHADOWS_DEPTH pd=UNITY_ENABLE_REFLECTION_BUFFERS UNITY_PBS_USE_BRDF1 UNITY_SPECCUBE_BOX_PROJECTION UNITY_SPECCUBE_BLENDING ok=1
Cmd: compileSnippet
  api=1 type=1 insize=1344 outsize=2184 kw=POINT_COOKIE SHADOWS_CUBE pd=UNITY_ENABLE_REFLECTION_BUFFERS UNITY_PBS_USE_BRDF1 UNITY_SPECCUBE_BOX_PROJECTION UNITY_SPECCUBE_BLENDING ok=1
Cmd: compileSnippet
  api=1 type=1 insize=1344 outsize=2372 kw=POINT_COOKIE SHADOWS_CUBE SHADOWS_SOFT pd=UNITY_ENABLE_REFLECTION_BUFFERS UNITY_PBS_USE_BRDF1 UNITY_SPECCUBE_BOX_PROJECTION UNITY_SPECCUBE_BLENDING ok=1
Cmd: compileSnippet
  api=4 type=0 insize=14189 outsize=1030 kw=SHADOWS_SPLIT_SPHERES pd=UNITY_ENABLE_REFLECTION_BUFFERS UNITY_PBS_USE_BRDF1 UNITY_SPECCUBE_BOX_PROJECTION UNITY_SPECCUBE_BLENDING ok=1
Cmd: compileSnippet
  api=8 type=1 insize=14189 outsize=3082 kw= pd=UNITY_NO_LINEAR_COLORSPACE UNITY_ENABLE_REFLECTION_BUFFERS UNITY_PBS_USE_BRDF1 UNITY_SPECCUBE_BOX_PROJECTION UNITY_SPECCUBE_BLENDING SHADER_API_MOBILE ok=1
Cmd: compileSnippet
  api=1 type=0 insize=17508 outsize=660 kw=SHADOWS_SINGLE_CASCADE pd=UNITY_ENABLE_REFLECTION_BUFFERS UNITY_PBS_USE_BRDF1 UNITY_SPECCUBE_BOX_PROJECTION UNITY_SPECCUBE_BLENDING ok=1
Cmd: compileSnippet
  api=1 type=1 insize=17508 outsize=2516 kw= pd=UNITY_ENABLE_REFLECTION_BUFFERS UNITY_PBS_USE_BRDF1 UNITY_SPECCUBE_BOX_PROJECTION UNITY_SPECCUBE_BLENDING ok=1
Cmd: compileSnippet
  api=1 type=0 insize=833 outsize=360 kw= pd=UNITY_ENABLE_REFLECTION_BUFFERS UNITY_PBS_USE_BRDF1 UNITY_SPECCUBE_BOX_PROJECTION UNITY_SPECCUBE_BLENDING ok=1
Cmd: compileSnippet
  api=4 type=0 insize=1934 outsize=942 kw=DIRECTIONAL pd=UNITY_ENABLE_REFLECTION_BUFFERS UNITY_PBS_USE_BRDF1 UNITY_SPECCUBE_BOX_PROJECTION UNITY_SPECCUBE_BLENDING ok=1
Cmd: compileSnippet
  api=1 type=0 insize=1934 outsize=708 kw=DIRECTIONAL SHADOWS_SCREEN pd=UNITY_ENABLE_REFLECTION_BUFFERS UNITY_PBS_USE_BRDF1 UNITY_SPECCUBE_BOX_PROJECTION UNITY_SPECCUBE_BLENDING ok=1
Cmd: compileSnippet
  api=4 type=0 insize=1934 outsize=942 kw=POINT_COOKIE SHADOWS_CUBE pd=UNITY_ENABLE_REFLECTION_BUFFERS UNITY_PBS_USE_BRDF1 UNITY_SPECCUBE_BOX_PROJECTION UNITY_SPECCUBE_BLENDING ok=1
Cmd: compileSnippet
  api=4 type=0 insize=1934 outsize=942 kw=POINT UNITY_HDR_ON pd=UNITY_ENABLE_REFLECTION_BUFFERS UNITY_PBS_USE_BRDF1 UNITY_SPECCUBE_BOX_PROJECTION UNITY_SPECCUBE_BLENDING ok=1
Cmd: compileSnippet
  api=1 type=0 insize=1934 outsize=708 kw=DIRECTIONAL SHADOWS_SCREEN UNITY_HDR_ON pd=UNITY_ENABLE_REFLECTION_BUFFERS UNITY_PBS_USE_BRDF1 UNITY_SPECCUBE_BOX_PROJECTION UNITY_SPECCUBE_BLENDING ok=1
Cmd: compileSnippet
  api=4 type=0 insize=1934 outsize=942 kw=POINT_COOKIE SHADOWS_CUBE UNITY_HDR_ON pd=UNITY_ENABLE_REFLECTION_BUFFERS UNITY_PBS_USE_BRDF1 UNITY_SPECCUBE_BOX_PROJECTION UNITY_SPECCUBE_BLENDING ok=1
Cmd: compileSnippet
  api=1 type=1 insize=1934 outsize=2364 kw=DIRECTIONAL pd=UNITY_ENABLE_REFLECTION_BUFFERS UNITY_PBS_USE_BRDF1 UNITY_SPECCUBE_BOX_PROJECTION UNITY_SPECCUBE_BLENDING ok=1
Cmd: compileSnippet
  api=1 type=1 insize=1934 outsize=2680 kw=DIRECTIONAL SHADOWS_SCREEN pd=UNITY_ENABLE_REFLECTION_BUFFERS UNITY_PBS_USE_BRDF1 UNITY_SPECCUBE_BOX_PROJECTION UNITY_SPECCUBE_BLENDING ok=1
Cmd: compileSnippet
  api=1 type=1 insize=1934 outsize=2988 kw=POINT_COOKIE SHADOWS_CUBE pd=UNITY_ENABLE_REFLECTION_BUFFERS UNITY_PBS_USE_BRDF1 UNITY_SPECCUBE_BOX_PROJECTION UNITY_SPECCUBE_BLENDING ok=1
Cmd: compileSnippet
  api=1 type=1 insize=1934 outsize=2484 kw=POINT UNITY_HDR_ON pd=UNITY_ENABLE_REFLECTION_BUFFERS UNITY_PBS_USE_BRDF1 UNITY_SPECCUBE_BOX_PROJECTION UNITY_SPECCUBE_BLENDING ok=1
Cmd: compileSnippet
  api=1 type=1 insize=1934 outsize=2516 kw=DIRECTIONAL_COOKIE UNITY_HDR_ON pd=UNITY_ENABLE_REFLECTION_BUFFERS UNITY_PBS_USE_BRDF1 UNITY_SPECCUBE_BOX_PROJECTION UNITY_SPECCUBE_BLENDING ok=1
Cmd: compileSnippet
  api=1 type=1 insize=1934 outsize=2816 kw=DIRECTIONAL_COOKIE SHADOWS_SCREEN UNITY_HDR_ON pd=UNITY_ENABLE_REFLECTION_BUFFERS UNITY_PBS_USE_BRDF1 UNITY_SPECCUBE_BOX_PROJECTION UNITY_SPECCUBE_BLENDING ok=1
Cmd: compileSnippet
  api=1 type=1 insize=1934 outsize=2924 kw=POINT SHADOWS_CUBE SHADOWS_SOFT UNITY_HDR_ON pd=UNITY_ENABLE_REFLECTION_BUFFERS UNITY_PBS_USE_BRDF1 UNITY_SPECCUBE_BOX_PROJECTION UNITY_SPECCUBE_BLENDING ok=1
Cmd: compileSnippet
  api=4 type=1 insize=3269 outsize=3110 kw= pd=UNITY_ENABLE_REFLECTION_BUFFERS UNITY_PBS_USE_BRDF1 UNITY_SPECCUBE_BOX_PROJECTION UNITY_SPECCUBE_BLENDING ok=1
Cmd: compileSnippet
  api=8 type=0 insize=927 outsize=878 kw= pd=UNITY_NO_LINEAR_COLORSPACE UNITY_ENABLE_REFLECTION_BUFFERS UNITY_PBS_USE_BRDF1 UNITY_SPECCUBE_BOX_PROJECTION UNITY_SPECCUBE_BLENDING SHADER_API_MOBILE ok=1
Cmd: compileSnippet
  api=1 type=0 insize=1283 outsize=552 kw= pd=UNITY_ENABLE_REFLECTION_BUFFERS UNITY_PBS_USE_BRDF1 UNITY_SPECCUBE_BOX_PROJECTION UNITY_SPECCUBE_BLENDING ok=1
Cmd: compileSnippet
  api=1 type=0 insize=1458 outsize=528 kw= pd=UNITY_ENABLE_REFLECTION_BUFFERS UNITY_PBS_USE_BRDF1 UNITY_SPECCUBE_BOX_PROJECTION UNITY_SPECCUBE_BLENDING ok=1
Cmd: compileSnippet
  api=8 type=1 insize=6656 outsize=474 kw= pd=UNITY_NO_LINEAR_COLORSPACE UNITY_ENABLE_REFLECTION_BUFFERS UNITY_PBS_USE_BRDF1 UNITY_SPECCUBE_BOX_PROJECTION UNITY_SPECCUBE_BLENDING SHADER_API_MOBILE ok=1
Cmd: compileSnippet
  api=1 type=1 insize=700 outsize=260 kw= pd=UNITY_ENABLE_REFLECTION_BUFFERS UNITY_PBS_USE_BRDF1 UNITY_SPECCUBE_BOX_PROJECTION UNITY_SPECCUBE_BLENDING ok=1
Cmd: compileSnippet
  api=4 type=1 insize=700 outsize=326 kw= pd=UNITY_ENABLE_REFLECTION_BUFFERS UNITY_PBS_USE_BRDF1 UNITY_SPECCUBE_BOX_PROJECTION UNITY_SPECCUBE_BLENDING ok=1
Cmd: compileSnippet
  api=4 type=0 insize=1031 outsize=482 kw= pd=UNITY_ENABLE_REFLECTION_BUFFERS UNITY_PBS_USE_BRDF1 UNITY_SPECCUBE_BOX_PROJECTION UNITY_SPECCUBE_BLENDING ok=1
